<?xml version="1.0" encoding="UTF-8"?>
<coverage generated="1671061707478" clover="3.2.0">
  <project timestamp="1671061707478" name="All files">
    <metrics statements="252" coveredstatements="208" conditionals="156" coveredconditionals="82" methods="44" coveredmethods="42" elements="452" coveredelements="332" complexity="0" loc="252" ncloc="252" packages="1" files="2" classes="2"/>
    <file name="routes.js" path="/home/kevinb/Desktop/UPenn/2022_fall/cis_550/CIS5500Project/backend/routes.js">
      <metrics statements="221" coveredstatements="177" conditionals="156" coveredconditionals="82" methods="43" coveredmethods="41"/>
      <line num="1" count="1" type="stmt"/>
      <line num="2" count="1" type="stmt"/>
      <line num="3" count="1" type="stmt"/>
      <line num="6" count="1" type="stmt"/>
      <line num="14" count="1" type="stmt"/>
      <line num="17" count="1" type="stmt"/>
      <line num="20" count="0" type="stmt"/>
      <line num="21" count="0" type="stmt"/>
      <line num="23" count="0" type="stmt"/>
      <line num="24" count="0" type="stmt"/>
      <line num="25" count="0" type="stmt"/>
      <line num="26" count="0" type="cond" truecount="0" falsecount="2"/>
      <line num="27" count="0" type="stmt"/>
      <line num="30" count="0" type="cond" truecount="0" falsecount="2"/>
      <line num="31" count="0" type="stmt"/>
      <line num="33" count="0" type="stmt"/>
      <line num="37" count="0" type="stmt"/>
      <line num="44" count="0" type="stmt"/>
      <line num="45" count="0" type="stmt"/>
      <line num="46" count="0" type="stmt"/>
      <line num="47" count="0" type="stmt"/>
      <line num="53" count="0" type="stmt"/>
      <line num="55" count="0" type="stmt"/>
      <line num="63" count="1" type="stmt"/>
      <line num="64" count="1" type="stmt"/>
      <line num="65" count="2" type="stmt"/>
      <line num="67" count="1" type="stmt"/>
      <line num="72" count="3" type="stmt"/>
      <line num="73" count="3" type="stmt"/>
      <line num="74" count="5" type="cond" truecount="1" falsecount="1"/>
      <line num="75" count="5" type="cond" truecount="2" falsecount="0"/>
      <line num="76" count="2" type="cond" truecount="1" falsecount="1"/>
      <line num="77" count="2" type="stmt"/>
      <line num="81" count="2" type="stmt"/>
      <line num="83" count="3" type="cond" truecount="1" falsecount="1"/>
      <line num="84" count="3" type="stmt"/>
      <line num="86" count="0" type="stmt"/>
      <line num="91" count="3" type="stmt"/>
      <line num="97" count="1" type="stmt"/>
      <line num="98" count="1" type="cond" truecount="1" falsecount="1"/>
      <line num="99" count="1" type="stmt"/>
      <line num="102" count="1" type="stmt"/>
      <line num="118" count="1" type="stmt"/>
      <line num="120" count="1" type="cond" truecount="1" falsecount="1"/>
      <line num="121" count="0" type="stmt"/>
      <line num="122" count="1" type="cond" truecount="1" falsecount="1"/>
      <line num="123" count="1" type="stmt"/>
      <line num="133" count="1" type="stmt"/>
      <line num="134" count="1" type="cond" truecount="1" falsecount="1"/>
      <line num="135" count="1" type="stmt"/>
      <line num="138" count="1" type="stmt"/>
      <line num="145" count="1" type="stmt"/>
      <line num="147" count="1" type="cond" truecount="1" falsecount="1"/>
      <line num="148" count="0" type="stmt"/>
      <line num="149" count="1" type="cond" truecount="1" falsecount="1"/>
      <line num="150" count="1" type="stmt"/>
      <line num="159" count="1" type="stmt"/>
      <line num="160" count="1" type="stmt"/>
      <line num="161" count="1" type="stmt"/>
      <line num="162" count="1" type="cond" truecount="1" falsecount="1"/>
      <line num="163" count="0" type="stmt"/>
      <line num="165" count="1" type="cond" truecount="1" falsecount="1"/>
      <line num="166" count="1" type="stmt"/>
      <line num="168" count="1" type="cond" truecount="1" falsecount="1"/>
      <line num="169" count="1" type="stmt"/>
      <line num="172" count="1" type="stmt"/>
      <line num="218" count="1" type="stmt"/>
      <line num="220" count="1" type="cond" truecount="1" falsecount="1"/>
      <line num="221" count="0" type="stmt"/>
      <line num="222" count="1" type="cond" truecount="1" falsecount="1"/>
      <line num="223" count="1" type="stmt"/>
      <line num="232" count="2" type="stmt"/>
      <line num="233" count="2" type="cond" truecount="2" falsecount="0"/>
      <line num="234" count="1" type="stmt"/>
      <line num="237" count="2" type="stmt"/>
      <line num="244" count="2" type="cond" truecount="2" falsecount="0"/>
      <line num="245" count="1" type="stmt"/>
      <line num="248" count="2" type="stmt"/>
      <line num="252" count="2" type="stmt"/>
      <line num="254" count="2" type="cond" truecount="1" falsecount="1"/>
      <line num="255" count="0" type="stmt"/>
      <line num="256" count="2" type="cond" truecount="1" falsecount="1"/>
      <line num="257" count="2" type="stmt"/>
      <line num="266" count="2" type="stmt"/>
      <line num="267" count="2" type="cond" truecount="2" falsecount="0"/>
      <line num="268" count="1" type="stmt"/>
      <line num="271" count="2" type="stmt"/>
      <line num="276" count="2" type="cond" truecount="1" falsecount="1"/>
      <line num="277" count="0" type="stmt"/>
      <line num="280" count="2" type="stmt"/>
      <line num="284" count="2" type="stmt"/>
      <line num="286" count="2" type="cond" truecount="1" falsecount="1"/>
      <line num="287" count="0" type="stmt"/>
      <line num="288" count="2" type="cond" truecount="1" falsecount="1"/>
      <line num="289" count="2" type="stmt"/>
      <line num="297" count="2" type="stmt"/>
      <line num="298" count="2" type="stmt"/>
      <line num="299" count="2" type="stmt"/>
      <line num="301" count="2" type="stmt"/>
      <line num="303" count="2" type="cond" truecount="2" falsecount="2"/>
      <line num="307" count="2" type="stmt"/>
      <line num="309" count="2" type="cond" truecount="1" falsecount="1"/>
      <line num="310" count="0" type="stmt"/>
      <line num="311" count="2" type="cond" truecount="1" falsecount="1"/>
      <line num="312" count="2" type="stmt"/>
      <line num="322" count="1" type="stmt"/>
      <line num="338" count="1" type="cond" truecount="1" falsecount="1"/>
      <line num="339" count="1" type="stmt"/>
      <line num="344" count="1" type="cond" truecount="1" falsecount="1"/>
      <line num="345" count="0" type="stmt"/>
      <line num="350" count="1" type="cond" truecount="1" falsecount="1"/>
      <line num="351" count="0" type="stmt"/>
      <line num="356" count="1" type="stmt"/>
      <line num="361" count="1" type="cond" truecount="1" falsecount="1"/>
      <line num="362" count="1" type="stmt"/>
      <line num="365" count="0" type="stmt"/>
      <line num="368" count="1" type="cond" truecount="1" falsecount="1"/>
      <line num="369" count="0" type="stmt"/>
      <line num="372" count="1" type="stmt"/>
      <line num="375" count="1" type="cond" truecount="1" falsecount="1"/>
      <line num="376" count="0" type="stmt"/>
      <line num="379" count="1" type="stmt"/>
      <line num="382" count="1" type="stmt"/>
      <line num="386" count="1" type="stmt"/>
      <line num="388" count="1" type="cond" truecount="1" falsecount="1"/>
      <line num="389" count="0" type="stmt"/>
      <line num="390" count="1" type="cond" truecount="1" falsecount="1"/>
      <line num="391" count="1" type="stmt"/>
      <line num="400" count="2" type="stmt"/>
      <line num="401" count="2" type="cond" truecount="2" falsecount="0"/>
      <line num="402" count="1" type="stmt"/>
      <line num="404" count="1" type="stmt"/>
      <line num="405" count="1" type="stmt"/>
      <line num="408" count="1" type="stmt"/>
      <line num="420" count="1" type="cond" truecount="2" falsecount="2"/>
      <line num="424" count="1" type="stmt"/>
      <line num="426" count="1" type="cond" truecount="1" falsecount="1"/>
      <line num="427" count="0" type="stmt"/>
      <line num="428" count="1" type="cond" truecount="1" falsecount="1"/>
      <line num="429" count="1" type="stmt"/>
      <line num="438" count="1" type="stmt"/>
      <line num="450" count="1" type="stmt"/>
      <line num="451" count="1" type="stmt"/>
      <line num="453" count="1" type="stmt"/>
      <line num="455" count="1" type="cond" truecount="2" falsecount="2"/>
      <line num="459" count="1" type="stmt"/>
      <line num="461" count="1" type="cond" truecount="1" falsecount="1"/>
      <line num="462" count="0" type="stmt"/>
      <line num="463" count="1" type="cond" truecount="1" falsecount="1"/>
      <line num="464" count="1" type="stmt"/>
      <line num="477" count="2" type="cond" truecount="2" falsecount="0"/>
      <line num="478" count="1" type="stmt"/>
      <line num="479" count="1" type="stmt"/>
      <line num="481" count="1" type="cond" truecount="1" falsecount="1"/>
      <line num="482" count="1" type="stmt"/>
      <line num="483" count="1" type="stmt"/>
      <line num="492" count="1" type="cond" truecount="2" falsecount="2"/>
      <line num="496" count="1" type="stmt"/>
      <line num="498" count="1" type="cond" truecount="1" falsecount="1"/>
      <line num="499" count="0" type="stmt"/>
      <line num="500" count="1" type="cond" truecount="1" falsecount="1"/>
      <line num="501" count="1" type="stmt"/>
      <line num="509" count="1" type="stmt"/>
      <line num="512" count="1" type="cond" truecount="2" falsecount="2"/>
      <line num="516" count="1" type="stmt"/>
      <line num="518" count="1" type="cond" truecount="1" falsecount="1"/>
      <line num="519" count="0" type="stmt"/>
      <line num="520" count="1" type="cond" truecount="1" falsecount="1"/>
      <line num="521" count="1" type="stmt"/>
      <line num="530" count="1" type="stmt"/>
      <line num="532" count="1" type="cond" truecount="2" falsecount="2"/>
      <line num="536" count="1" type="stmt"/>
      <line num="538" count="1" type="cond" truecount="1" falsecount="1"/>
      <line num="539" count="0" type="stmt"/>
      <line num="540" count="1" type="cond" truecount="1" falsecount="1"/>
      <line num="541" count="1" type="stmt"/>
      <line num="549" count="1" type="stmt"/>
      <line num="572" count="1" type="cond" truecount="2" falsecount="2"/>
      <line num="576" count="1" type="stmt"/>
      <line num="578" count="1" type="cond" truecount="1" falsecount="1"/>
      <line num="579" count="0" type="stmt"/>
      <line num="580" count="1" type="cond" truecount="1" falsecount="1"/>
      <line num="581" count="1" type="stmt"/>
      <line num="591" count="1" type="stmt"/>
      <line num="593" count="1" type="cond" truecount="2" falsecount="2"/>
      <line num="597" count="1" type="stmt"/>
      <line num="599" count="1" type="cond" truecount="1" falsecount="1"/>
      <line num="600" count="0" type="stmt"/>
      <line num="601" count="1" type="cond" truecount="1" falsecount="1"/>
      <line num="602" count="1" type="stmt"/>
      <line num="610" count="1" type="stmt"/>
      <line num="623" count="1" type="stmt"/>
      <line num="625" count="1" type="cond" truecount="1" falsecount="1"/>
      <line num="626" count="0" type="stmt"/>
      <line num="627" count="1" type="cond" truecount="1" falsecount="1"/>
      <line num="628" count="1" type="stmt"/>
      <line num="636" count="1" type="stmt"/>
      <line num="660" count="1" type="stmt"/>
      <line num="662" count="1" type="cond" truecount="1" falsecount="1"/>
      <line num="663" count="0" type="stmt"/>
      <line num="664" count="1" type="cond" truecount="1" falsecount="1"/>
      <line num="665" count="1" type="stmt"/>
      <line num="673" count="1" type="stmt"/>
      <line num="690" count="1" type="stmt"/>
      <line num="692" count="1" type="cond" truecount="1" falsecount="1"/>
      <line num="693" count="0" type="stmt"/>
      <line num="694" count="1" type="cond" truecount="1" falsecount="1"/>
      <line num="695" count="1" type="stmt"/>
      <line num="703" count="1" type="stmt"/>
      <line num="730" count="1" type="stmt"/>
      <line num="732" count="1" type="cond" truecount="1" falsecount="1"/>
      <line num="733" count="0" type="stmt"/>
      <line num="734" count="1" type="cond" truecount="1" falsecount="1"/>
      <line num="735" count="1" type="stmt"/>
      <line num="743" count="1" type="stmt"/>
      <line num="782" count="1" type="stmt"/>
      <line num="784" count="1" type="cond" truecount="1" falsecount="1"/>
      <line num="785" count="0" type="stmt"/>
      <line num="786" count="1" type="cond" truecount="1" falsecount="1"/>
      <line num="787" count="1" type="stmt"/>
      <line num="798" count="1" type="stmt"/>
    </file>
    <file name="server.js" path="/home/kevinb/Desktop/UPenn/2022_fall/cis_550/CIS5500Project/backend/server.js">
      <metrics statements="31" coveredstatements="31" conditionals="0" coveredconditionals="0" methods="1" coveredmethods="1"/>
      <line num="1" count="1" type="stmt"/>
      <line num="2" count="1" type="stmt"/>
      <line num="4" count="1" type="stmt"/>
      <line num="5" count="1" type="stmt"/>
      <line num="7" count="1" type="stmt"/>
      <line num="10" count="1" type="stmt"/>
      <line num="17" count="1" type="stmt"/>
      <line num="20" count="1" type="stmt"/>
      <line num="23" count="1" type="stmt"/>
      <line num="26" count="1" type="stmt"/>
      <line num="29" count="1" type="stmt"/>
      <line num="32" count="1" type="stmt"/>
      <line num="35" count="1" type="stmt"/>
      <line num="38" count="1" type="stmt"/>
      <line num="41" count="1" type="stmt"/>
      <line num="44" count="1" type="stmt"/>
      <line num="47" count="1" type="stmt"/>
      <line num="50" count="1" type="stmt"/>
      <line num="53" count="1" type="stmt"/>
      <line num="56" count="1" type="stmt"/>
      <line num="59" count="1" type="stmt"/>
      <line num="62" count="1" type="stmt"/>
      <line num="65" count="1" type="stmt"/>
      <line num="68" count="1" type="stmt"/>
      <line num="71" count="1" type="stmt"/>
      <line num="74" count="1" type="stmt"/>
      <line num="77" count="1" type="stmt"/>
      <line num="79" count="1" type="stmt"/>
      <line num="81" count="1" type="stmt"/>
      <line num="82" count="1" type="stmt"/>
      <line num="85" count="1" type="stmt"/>
    </file>
  </project>
</coverage>
