<?xml version="1.0" encoding="UTF-8"?>
<coverage generated="1671229834315" clover="3.2.0">
  <project timestamp="1671229834315" name="All files">
    <metrics statements="224" coveredstatements="185" conditionals="132" coveredconditionals="69" methods="44" coveredmethods="42" elements="400" coveredelements="296" complexity="0" loc="224" ncloc="224" packages="1" files="2" classes="2"/>
    <file name="routes.js" path="/home/kevinb/Desktop/UPenn/2022_fall/cis_550/CIS5500Project/backend/routes.js">
      <metrics statements="193" coveredstatements="154" conditionals="132" coveredconditionals="69" methods="43" coveredmethods="41"/>
      <line num="1" count="1" type="stmt"/>
      <line num="2" count="1" type="stmt"/>
      <line num="3" count="1" type="stmt"/>
      <line num="6" count="1" type="stmt"/>
      <line num="14" count="1" type="stmt"/>
      <line num="17" count="1" type="stmt"/>
      <line num="21" count="0" type="stmt"/>
      <line num="22" count="0" type="stmt"/>
      <line num="24" count="0" type="stmt"/>
      <line num="25" count="0" type="stmt"/>
      <line num="26" count="0" type="stmt"/>
      <line num="27" count="0" type="cond" truecount="0" falsecount="2"/>
      <line num="28" count="0" type="stmt"/>
      <line num="31" count="0" type="cond" truecount="0" falsecount="2"/>
      <line num="32" count="0" type="stmt"/>
      <line num="34" count="0" type="stmt"/>
      <line num="38" count="0" type="stmt"/>
      <line num="46" count="0" type="stmt"/>
      <line num="47" count="0" type="stmt"/>
      <line num="48" count="0" type="stmt"/>
      <line num="49" count="0" type="stmt"/>
      <line num="55" count="0" type="stmt"/>
      <line num="57" count="0" type="stmt"/>
      <line num="65" count="1" type="stmt"/>
      <line num="66" count="1" type="stmt"/>
      <line num="67" count="2" type="stmt"/>
      <line num="69" count="1" type="stmt"/>
      <line num="74" count="3" type="stmt"/>
      <line num="75" count="3" type="stmt"/>
      <line num="76" count="5" type="cond" truecount="1" falsecount="1"/>
      <line num="77" count="5" type="cond" truecount="2" falsecount="0"/>
      <line num="78" count="2" type="cond" truecount="1" falsecount="1"/>
      <line num="79" count="2" type="stmt"/>
      <line num="83" count="2" type="stmt"/>
      <line num="85" count="3" type="cond" truecount="1" falsecount="1"/>
      <line num="86" count="3" type="stmt"/>
      <line num="88" count="0" type="stmt"/>
      <line num="93" count="3" type="stmt"/>
      <line num="106" count="1" type="stmt"/>
      <line num="122" count="1" type="stmt"/>
      <line num="124" count="1" type="cond" truecount="1" falsecount="1"/>
      <line num="125" count="0" type="stmt"/>
      <line num="126" count="1" type="cond" truecount="1" falsecount="1"/>
      <line num="127" count="1" type="stmt"/>
      <line num="142" count="1" type="stmt"/>
      <line num="151" count="1" type="stmt"/>
      <line num="153" count="1" type="cond" truecount="1" falsecount="1"/>
      <line num="154" count="0" type="stmt"/>
      <line num="155" count="1" type="cond" truecount="1" falsecount="1"/>
      <line num="156" count="1" type="stmt"/>
      <line num="169" count="1" type="stmt"/>
      <line num="170" count="1" type="stmt"/>
      <line num="171" count="1" type="stmt"/>
      <line num="172" count="1" type="cond" truecount="1" falsecount="1"/>
      <line num="173" count="0" type="stmt"/>
      <line num="175" count="1" type="cond" truecount="1" falsecount="1"/>
      <line num="176" count="1" type="stmt"/>
      <line num="178" count="1" type="cond" truecount="1" falsecount="1"/>
      <line num="179" count="1" type="stmt"/>
      <line num="182" count="1" type="stmt"/>
      <line num="190" count="1" type="stmt"/>
      <line num="192" count="1" type="cond" truecount="1" falsecount="1"/>
      <line num="193" count="0" type="stmt"/>
      <line num="194" count="1" type="cond" truecount="1" falsecount="1"/>
      <line num="195" count="1" type="stmt"/>
      <line num="209" count="2" type="stmt"/>
      <line num="210" count="2" type="cond" truecount="2" falsecount="0"/>
      <line num="211" count="1" type="stmt"/>
      <line num="214" count="2" type="stmt"/>
      <line num="221" count="2" type="cond" truecount="2" falsecount="0"/>
      <line num="222" count="1" type="stmt"/>
      <line num="225" count="2" type="stmt"/>
      <line num="229" count="2" type="stmt"/>
      <line num="231" count="2" type="cond" truecount="1" falsecount="1"/>
      <line num="232" count="0" type="stmt"/>
      <line num="233" count="2" type="cond" truecount="1" falsecount="1"/>
      <line num="234" count="2" type="stmt"/>
      <line num="248" count="1" type="stmt"/>
      <line num="253" count="1" type="cond" truecount="1" falsecount="1"/>
      <line num="254" count="0" type="stmt"/>
      <line num="257" count="1" type="stmt"/>
      <line num="261" count="1" type="stmt"/>
      <line num="263" count="1" type="cond" truecount="1" falsecount="1"/>
      <line num="264" count="0" type="stmt"/>
      <line num="265" count="1" type="cond" truecount="1" falsecount="1"/>
      <line num="266" count="1" type="stmt"/>
      <line num="279" count="2" type="stmt"/>
      <line num="280" count="2" type="stmt"/>
      <line num="281" count="2" type="stmt"/>
      <line num="283" count="2" type="stmt"/>
      <line num="285" count="2" type="cond" truecount="2" falsecount="2"/>
      <line num="289" count="2" type="stmt"/>
      <line num="291" count="2" type="cond" truecount="1" falsecount="1"/>
      <line num="292" count="0" type="stmt"/>
      <line num="293" count="2" type="cond" truecount="1" falsecount="1"/>
      <line num="294" count="2" type="stmt"/>
      <line num="311" count="1" type="stmt"/>
      <line num="348" count="1" type="stmt"/>
      <line num="350" count="1" type="cond" truecount="1" falsecount="1"/>
      <line num="351" count="0" type="stmt"/>
      <line num="352" count="1" type="cond" truecount="1" falsecount="1"/>
      <line num="353" count="1" type="stmt"/>
      <line num="366" count="2" type="stmt"/>
      <line num="367" count="2" type="cond" truecount="2" falsecount="0"/>
      <line num="368" count="1" type="stmt"/>
      <line num="370" count="1" type="stmt"/>
      <line num="371" count="1" type="stmt"/>
      <line num="374" count="1" type="stmt"/>
      <line num="388" count="1" type="cond" truecount="2" falsecount="2"/>
      <line num="392" count="1" type="stmt"/>
      <line num="394" count="1" type="cond" truecount="1" falsecount="1"/>
      <line num="395" count="0" type="stmt"/>
      <line num="396" count="1" type="cond" truecount="1" falsecount="1"/>
      <line num="397" count="1" type="stmt"/>
      <line num="412" count="1" type="stmt"/>
      <line num="424" count="1" type="stmt"/>
      <line num="425" count="1" type="stmt"/>
      <line num="427" count="1" type="stmt"/>
      <line num="429" count="1" type="cond" truecount="2" falsecount="2"/>
      <line num="433" count="1" type="stmt"/>
      <line num="435" count="1" type="cond" truecount="1" falsecount="1"/>
      <line num="436" count="0" type="stmt"/>
      <line num="437" count="1" type="cond" truecount="1" falsecount="1"/>
      <line num="438" count="1" type="stmt"/>
      <line num="458" count="2" type="cond" truecount="2" falsecount="0"/>
      <line num="459" count="1" type="stmt"/>
      <line num="460" count="1" type="stmt"/>
      <line num="462" count="1" type="stmt"/>
      <line num="463" count="1" type="stmt"/>
      <line num="475" count="1" type="stmt"/>
      <line num="477" count="1" type="cond" truecount="1" falsecount="1"/>
      <line num="478" count="0" type="stmt"/>
      <line num="479" count="1" type="cond" truecount="1" falsecount="1"/>
      <line num="480" count="1" type="stmt"/>
      <line num="495" count="1" type="stmt"/>
      <line num="502" count="1" type="cond" truecount="2" falsecount="2"/>
      <line num="506" count="1" type="stmt"/>
      <line num="508" count="1" type="cond" truecount="1" falsecount="1"/>
      <line num="509" count="0" type="stmt"/>
      <line num="510" count="1" type="cond" truecount="1" falsecount="1"/>
      <line num="511" count="1" type="stmt"/>
      <line num="524" count="1" type="stmt"/>
      <line num="526" count="1" type="cond" truecount="2" falsecount="2"/>
      <line num="530" count="1" type="stmt"/>
      <line num="532" count="1" type="cond" truecount="1" falsecount="1"/>
      <line num="533" count="0" type="stmt"/>
      <line num="534" count="1" type="cond" truecount="1" falsecount="1"/>
      <line num="535" count="1" type="stmt"/>
      <line num="548" count="1" type="stmt"/>
      <line num="571" count="1" type="cond" truecount="2" falsecount="2"/>
      <line num="575" count="1" type="stmt"/>
      <line num="577" count="1" type="cond" truecount="1" falsecount="1"/>
      <line num="578" count="0" type="stmt"/>
      <line num="579" count="1" type="cond" truecount="1" falsecount="1"/>
      <line num="580" count="1" type="stmt"/>
      <line num="593" count="1" type="stmt"/>
      <line num="595" count="1" type="cond" truecount="2" falsecount="2"/>
      <line num="599" count="1" type="stmt"/>
      <line num="601" count="1" type="cond" truecount="1" falsecount="1"/>
      <line num="602" count="0" type="stmt"/>
      <line num="603" count="1" type="cond" truecount="1" falsecount="1"/>
      <line num="604" count="1" type="stmt"/>
      <line num="618" count="1" type="stmt"/>
      <line num="631" count="1" type="stmt"/>
      <line num="633" count="1" type="cond" truecount="1" falsecount="1"/>
      <line num="634" count="0" type="stmt"/>
      <line num="635" count="1" type="cond" truecount="1" falsecount="1"/>
      <line num="636" count="1" type="stmt"/>
      <line num="649" count="1" type="stmt"/>
      <line num="673" count="1" type="stmt"/>
      <line num="675" count="1" type="cond" truecount="1" falsecount="1"/>
      <line num="676" count="0" type="stmt"/>
      <line num="677" count="1" type="cond" truecount="1" falsecount="1"/>
      <line num="678" count="1" type="stmt"/>
      <line num="690" count="1" type="stmt"/>
      <line num="707" count="1" type="stmt"/>
      <line num="709" count="1" type="cond" truecount="1" falsecount="1"/>
      <line num="710" count="0" type="stmt"/>
      <line num="711" count="1" type="cond" truecount="1" falsecount="1"/>
      <line num="712" count="1" type="stmt"/>
      <line num="726" count="1" type="stmt"/>
      <line num="753" count="1" type="stmt"/>
      <line num="755" count="1" type="cond" truecount="1" falsecount="1"/>
      <line num="756" count="0" type="stmt"/>
      <line num="757" count="1" type="cond" truecount="1" falsecount="1"/>
      <line num="758" count="1" type="stmt"/>
      <line num="771" count="1" type="stmt"/>
      <line num="812" count="1" type="stmt"/>
      <line num="814" count="1" type="cond" truecount="1" falsecount="1"/>
      <line num="815" count="0" type="stmt"/>
      <line num="816" count="1" type="cond" truecount="1" falsecount="1"/>
      <line num="817" count="1" type="stmt"/>
      <line num="828" count="1" type="stmt"/>
    </file>
    <file name="server.js" path="/home/kevinb/Desktop/UPenn/2022_fall/cis_550/CIS5500Project/backend/server.js">
      <metrics statements="31" coveredstatements="31" conditionals="0" coveredconditionals="0" methods="1" coveredmethods="1"/>
      <line num="1" count="1" type="stmt"/>
      <line num="2" count="1" type="stmt"/>
      <line num="4" count="1" type="stmt"/>
      <line num="5" count="1" type="stmt"/>
      <line num="7" count="1" type="stmt"/>
      <line num="10" count="1" type="stmt"/>
      <line num="17" count="1" type="stmt"/>
      <line num="20" count="1" type="stmt"/>
      <line num="23" count="1" type="stmt"/>
      <line num="26" count="1" type="stmt"/>
      <line num="29" count="1" type="stmt"/>
      <line num="32" count="1" type="stmt"/>
      <line num="35" count="1" type="stmt"/>
      <line num="38" count="1" type="stmt"/>
      <line num="41" count="1" type="stmt"/>
      <line num="44" count="1" type="stmt"/>
      <line num="47" count="1" type="stmt"/>
      <line num="50" count="1" type="stmt"/>
      <line num="53" count="1" type="stmt"/>
      <line num="56" count="1" type="stmt"/>
      <line num="59" count="1" type="stmt"/>
      <line num="62" count="1" type="stmt"/>
      <line num="65" count="1" type="stmt"/>
      <line num="68" count="1" type="stmt"/>
      <line num="71" count="1" type="stmt"/>
      <line num="74" count="1" type="stmt"/>
      <line num="77" count="1" type="stmt"/>
      <line num="79" count="1" type="stmt"/>
      <line num="81" count="1" type="stmt"/>
      <line num="82" count="1" type="stmt"/>
      <line num="85" count="1" type="stmt"/>
    </file>
  </project>
</coverage>
