{"/home/kevinb/Desktop/UPenn/2022_fall/cis_550/CIS5500Project/backend/routes.js": {"path":"/home/kevinb/Desktop/UPenn/2022_fall/cis_550/CIS5500Project/backend/routes.js","statementMap":{"0":{"start":{"line":1,"column":15},"end":{"line":1,"column":39}},"1":{"start":{"line":2,"column":14},"end":{"line":2,"column":30}},"2":{"start":{"line":3,"column":42},"end":{"line":3,"column":60}},"3":{"start":{"line":6,"column":19},"end":{"line":13,"column":2}},"4":{"start":{"line":14,"column":0},"end":{"line":14,"column":21}},"5":{"start":{"line":17,"column":15},"end":{"line":17,"column":135}},"6":{"start":{"line":20,"column":16},"end":{"line":20,"column":30}},"7":{"start":{"line":21,"column":19},"end":{"line":21,"column":36}},"8":{"start":{"line":23,"column":2},"end":{"line":40,"column":3}},"9":{"start":{"line":24,"column":23},"end":{"line":24,"column":62}},"10":{"start":{"line":25,"column":19},"end":{"line":25,"column":59}},"11":{"start":{"line":26,"column":4},"end":{"line":35,"column":5}},"12":{"start":{"line":27,"column":6},"end":{"line":27,"column":61}},"13":{"start":{"line":30,"column":6},"end":{"line":34,"column":7}},"14":{"start":{"line":31,"column":8},"end":{"line":31,"column":72}},"15":{"start":{"line":33,"column":8},"end":{"line":33,"column":59}},"16":{"start":{"line":37,"column":4},"end":{"line":37,"column":39}},"17":{"start":{"line":44,"column":2},"end":{"line":58,"column":3}},"18":{"start":{"line":45,"column":23},"end":{"line":45,"column":62}},"19":{"start":{"line":46,"column":4},"end":{"line":46,"column":69}},"20":{"start":{"line":47,"column":19},"end":{"line":52,"column":6}},"21":{"start":{"line":53,"column":4},"end":{"line":53,"column":60}},"22":{"start":{"line":55,"column":4},"end":{"line":55,"column":46}},"23":{"start":{"line":63,"column":17},"end":{"line":63,"column":33}},"24":{"start":{"line":64,"column":2},"end":{"line":66,"column":5}},"25":{"start":{"line":65,"column":4},"end":{"line":65,"column":45}},"26":{"start":{"line":67,"column":2},"end":{"line":67,"column":29}},"27":{"start":{"line":72,"column":22},"end":{"line":72,"column":26}},"28":{"start":{"line":73,"column":2},"end":{"line":90,"column":3}},"29":{"start":{"line":74,"column":4},"end":{"line":89,"column":5}},"30":{"start":{"line":75,"column":6},"end":{"line":88,"column":7}},"31":{"start":{"line":76,"column":8},"end":{"line":80,"column":9}},"32":{"start":{"line":77,"column":10},"end":{"line":77,"column":68}},"33":{"start":{"line":79,"column":10},"end":{"line":79,"column":70}},"34":{"start":{"line":81,"column":8},"end":{"line":81,"column":30}},"35":{"start":{"line":83,"column":8},"end":{"line":87,"column":9}},"36":{"start":{"line":84,"column":10},"end":{"line":84,"column":66}},"37":{"start":{"line":86,"column":10},"end":{"line":86,"column":68}},"38":{"start":{"line":91,"column":2},"end":{"line":91,"column":18}},"39":{"start":{"line":96,"column":17},"end":{"line":126,"column":3}},"40":{"start":{"line":129,"column":2},"end":{"line":137,"column":4}},"41":{"start":{"line":131,"column":6},"end":{"line":135,"column":7}},"42":{"start":{"line":132,"column":8},"end":{"line":132,"column":27}},"43":{"start":{"line":133,"column":13},"end":{"line":135,"column":7}},"44":{"start":{"line":134,"column":8},"end":{"line":134,"column":50}},"45":{"start":{"line":139,"column":0},"end":{"line":139,"column":18}},"46":{"start":{"line":144,"column":14},"end":{"line":144,"column":17}},"47":{"start":{"line":145,"column":2},"end":{"line":147,"column":3}},"48":{"start":{"line":146,"column":4},"end":{"line":146,"column":27}},"49":{"start":{"line":149,"column":14},"end":{"line":163,"column":3}},"50":{"start":{"line":165,"column":2},"end":{"line":174,"column":3}},"51":{"start":{"line":167,"column":6},"end":{"line":172,"column":7}},"52":{"start":{"line":168,"column":8},"end":{"line":168,"column":26}},"53":{"start":{"line":169,"column":8},"end":{"line":169,"column":33}},"54":{"start":{"line":170,"column":13},"end":{"line":172,"column":7}},"55":{"start":{"line":171,"column":8},"end":{"line":171,"column":38}},"56":{"start":{"line":181,"column":14},"end":{"line":181,"column":17}},"57":{"start":{"line":182,"column":2},"end":{"line":184,"column":3}},"58":{"start":{"line":183,"column":4},"end":{"line":183,"column":28}},"59":{"start":{"line":186,"column":14},"end":{"line":192,"column":3}},"60":{"start":{"line":193,"column":2},"end":{"line":202,"column":3}},"61":{"start":{"line":195,"column":6},"end":{"line":200,"column":7}},"62":{"start":{"line":196,"column":8},"end":{"line":196,"column":27}},"63":{"start":{"line":197,"column":8},"end":{"line":197,"column":34}},"64":{"start":{"line":198,"column":13},"end":{"line":200,"column":7}},"65":{"start":{"line":199,"column":8},"end":{"line":199,"column":39}},"66":{"start":{"line":208,"column":14},"end":{"line":208,"column":17}},"67":{"start":{"line":209,"column":12},"end":{"line":209,"column":13}},"68":{"start":{"line":210,"column":12},"end":{"line":210,"column":13}},"69":{"start":{"line":211,"column":2},"end":{"line":213,"column":3}},"70":{"start":{"line":212,"column":4},"end":{"line":212,"column":28}},"71":{"start":{"line":214,"column":2},"end":{"line":216,"column":3}},"72":{"start":{"line":215,"column":4},"end":{"line":215,"column":24}},"73":{"start":{"line":217,"column":2},"end":{"line":219,"column":3}},"74":{"start":{"line":218,"column":4},"end":{"line":218,"column":24}},"75":{"start":{"line":221,"column":14},"end":{"line":266,"column":3}},"76":{"start":{"line":267,"column":2},"end":{"line":276,"column":3}},"77":{"start":{"line":269,"column":6},"end":{"line":274,"column":7}},"78":{"start":{"line":270,"column":8},"end":{"line":270,"column":26}},"79":{"start":{"line":271,"column":8},"end":{"line":271,"column":33}},"80":{"start":{"line":272,"column":13},"end":{"line":274,"column":7}},"81":{"start":{"line":273,"column":8},"end":{"line":273,"column":38}},"82":{"start":{"line":282,"column":14},"end":{"line":282,"column":17}},"83":{"start":{"line":283,"column":2},"end":{"line":285,"column":3}},"84":{"start":{"line":284,"column":4},"end":{"line":284,"column":28}},"85":{"start":{"line":287,"column":14},"end":{"line":292,"column":3}},"86":{"start":{"line":294,"column":2},"end":{"line":296,"column":3}},"87":{"start":{"line":295,"column":4},"end":{"line":295,"column":59}},"88":{"start":{"line":298,"column":2},"end":{"line":300,"column":18}},"89":{"start":{"line":302,"column":2},"end":{"line":311,"column":3}},"90":{"start":{"line":304,"column":6},"end":{"line":309,"column":7}},"91":{"start":{"line":305,"column":8},"end":{"line":305,"column":27}},"92":{"start":{"line":306,"column":8},"end":{"line":306,"column":34}},"93":{"start":{"line":307,"column":13},"end":{"line":309,"column":7}},"94":{"start":{"line":308,"column":8},"end":{"line":308,"column":39}},"95":{"start":{"line":317,"column":14},"end":{"line":317,"column":17}},"96":{"start":{"line":318,"column":2},"end":{"line":320,"column":3}},"97":{"start":{"line":319,"column":4},"end":{"line":319,"column":28}},"98":{"start":{"line":322,"column":14},"end":{"line":325,"column":3}},"99":{"start":{"line":327,"column":2},"end":{"line":329,"column":3}},"100":{"start":{"line":328,"column":4},"end":{"line":328,"column":58}},"101":{"start":{"line":331,"column":2},"end":{"line":333,"column":17}},"102":{"start":{"line":335,"column":2},"end":{"line":344,"column":3}},"103":{"start":{"line":337,"column":6},"end":{"line":342,"column":7}},"104":{"start":{"line":338,"column":8},"end":{"line":338,"column":27}},"105":{"start":{"line":339,"column":8},"end":{"line":339,"column":34}},"106":{"start":{"line":340,"column":13},"end":{"line":342,"column":7}},"107":{"start":{"line":341,"column":8},"end":{"line":341,"column":39}},"108":{"start":{"line":349,"column":17},"end":{"line":349,"column":44}},"109":{"start":{"line":350,"column":26},"end":{"line":350,"column":78}},"110":{"start":{"line":351,"column":2},"end":{"line":351,"column":59}},"111":{"start":{"line":353,"column":2},"end":{"line":353,"column":28}},"112":{"start":{"line":355,"column":2},"end":{"line":369,"column":3}},"113":{"start":{"line":359,"column":4},"end":{"line":368,"column":6}},"114":{"start":{"line":361,"column":8},"end":{"line":366,"column":9}},"115":{"start":{"line":362,"column":10},"end":{"line":362,"column":29}},"116":{"start":{"line":363,"column":10},"end":{"line":363,"column":37}},"117":{"start":{"line":364,"column":15},"end":{"line":366,"column":9}},"118":{"start":{"line":365,"column":10},"end":{"line":365,"column":41}},"119":{"start":{"line":375,"column":17},"end":{"line":375,"column":44}},"120":{"start":{"line":376,"column":14},"end":{"line":376,"column":22}},"121":{"start":{"line":377,"column":13},"end":{"line":377,"column":16}},"122":{"start":{"line":378,"column":22},"end":{"line":378,"column":26}},"123":{"start":{"line":379,"column":2},"end":{"line":393,"column":3}},"124":{"start":{"line":380,"column":4},"end":{"line":391,"column":5}},"125":{"start":{"line":381,"column":6},"end":{"line":381,"column":74}},"126":{"start":{"line":382,"column":6},"end":{"line":384,"column":7}},"127":{"start":{"line":383,"column":8},"end":{"line":383,"column":24}},"128":{"start":{"line":385,"column":6},"end":{"line":389,"column":7}},"129":{"start":{"line":386,"column":8},"end":{"line":386,"column":58}},"130":{"start":{"line":388,"column":8},"end":{"line":388,"column":68}},"131":{"start":{"line":390,"column":6},"end":{"line":390,"column":28}},"132":{"start":{"line":392,"column":4},"end":{"line":392,"column":55}},"133":{"start":{"line":395,"column":2},"end":{"line":397,"column":3}},"134":{"start":{"line":396,"column":4},"end":{"line":396,"column":22}},"135":{"start":{"line":398,"column":2},"end":{"line":398,"column":28}},"136":{"start":{"line":400,"column":2},"end":{"line":414,"column":3}},"137":{"start":{"line":404,"column":4},"end":{"line":413,"column":6}},"138":{"start":{"line":406,"column":8},"end":{"line":411,"column":9}},"139":{"start":{"line":407,"column":10},"end":{"line":407,"column":29}},"140":{"start":{"line":408,"column":10},"end":{"line":408,"column":37}},"141":{"start":{"line":409,"column":15},"end":{"line":411,"column":9}},"142":{"start":{"line":410,"column":10},"end":{"line":410,"column":41}},"143":{"start":{"line":419,"column":20},"end":{"line":419,"column":22}},"144":{"start":{"line":420,"column":2},"end":{"line":425,"column":3}},"145":{"start":{"line":421,"column":4},"end":{"line":421,"column":54}},"146":{"start":{"line":423,"column":4},"end":{"line":423,"column":49}},"147":{"start":{"line":424,"column":4},"end":{"line":424,"column":11}},"148":{"start":{"line":426,"column":2},"end":{"line":426,"column":27}},"149":{"start":{"line":427,"column":17},"end":{"line":437,"column":5}},"150":{"start":{"line":439,"column":2},"end":{"line":453,"column":3}},"151":{"start":{"line":443,"column":4},"end":{"line":452,"column":6}},"152":{"start":{"line":445,"column":8},"end":{"line":450,"column":9}},"153":{"start":{"line":446,"column":10},"end":{"line":446,"column":29}},"154":{"start":{"line":447,"column":10},"end":{"line":447,"column":37}},"155":{"start":{"line":448,"column":15},"end":{"line":450,"column":9}},"156":{"start":{"line":449,"column":10},"end":{"line":449,"column":41}},"157":{"start":{"line":458,"column":17},"end":{"line":468,"column":5}},"158":{"start":{"line":470,"column":26},"end":{"line":470,"column":65}},"159":{"start":{"line":471,"column":2},"end":{"line":471,"column":59}},"160":{"start":{"line":473,"column":2},"end":{"line":473,"column":28}},"161":{"start":{"line":475,"column":2},"end":{"line":489,"column":3}},"162":{"start":{"line":479,"column":4},"end":{"line":488,"column":6}},"163":{"start":{"line":481,"column":8},"end":{"line":486,"column":9}},"164":{"start":{"line":482,"column":10},"end":{"line":482,"column":29}},"165":{"start":{"line":483,"column":10},"end":{"line":483,"column":37}},"166":{"start":{"line":484,"column":15},"end":{"line":486,"column":9}},"167":{"start":{"line":485,"column":10},"end":{"line":485,"column":41}},"168":{"start":{"line":496,"column":2},"end":{"line":499,"column":3}},"169":{"start":{"line":497,"column":4},"end":{"line":497,"column":57}},"170":{"start":{"line":498,"column":4},"end":{"line":498,"column":11}},"171":{"start":{"line":500,"column":22},"end":{"line":500,"column":73}},"172":{"start":{"line":501,"column":23},"end":{"line":501,"column":45}},"173":{"start":{"line":502,"column":17},"end":{"line":509,"column":5}},"174":{"start":{"line":511,"column":2},"end":{"line":525,"column":3}},"175":{"start":{"line":515,"column":4},"end":{"line":524,"column":6}},"176":{"start":{"line":517,"column":8},"end":{"line":522,"column":9}},"177":{"start":{"line":518,"column":10},"end":{"line":518,"column":29}},"178":{"start":{"line":519,"column":10},"end":{"line":519,"column":37}},"179":{"start":{"line":520,"column":15},"end":{"line":522,"column":9}},"180":{"start":{"line":521,"column":10},"end":{"line":521,"column":41}},"181":{"start":{"line":529,"column":17},"end":{"line":530,"column":95}},"182":{"start":{"line":532,"column":2},"end":{"line":546,"column":3}},"183":{"start":{"line":536,"column":4},"end":{"line":545,"column":6}},"184":{"start":{"line":538,"column":8},"end":{"line":543,"column":9}},"185":{"start":{"line":539,"column":10},"end":{"line":539,"column":29}},"186":{"start":{"line":540,"column":10},"end":{"line":540,"column":37}},"187":{"start":{"line":541,"column":15},"end":{"line":543,"column":9}},"188":{"start":{"line":542,"column":10},"end":{"line":542,"column":41}},"189":{"start":{"line":551,"column":17},"end":{"line":551,"column":43}},"190":{"start":{"line":553,"column":2},"end":{"line":567,"column":3}},"191":{"start":{"line":557,"column":4},"end":{"line":566,"column":6}},"192":{"start":{"line":559,"column":8},"end":{"line":564,"column":9}},"193":{"start":{"line":560,"column":10},"end":{"line":560,"column":29}},"194":{"start":{"line":561,"column":10},"end":{"line":561,"column":37}},"195":{"start":{"line":562,"column":15},"end":{"line":564,"column":9}},"196":{"start":{"line":563,"column":10},"end":{"line":563,"column":41}},"197":{"start":{"line":571,"column":0},"end":{"line":586,"column":2}}},"fnMap":{"0":{"name":"login","decl":{"start":{"line":19,"column":15},"end":{"line":19,"column":20}},"loc":{"start":{"line":19,"column":31},"end":{"line":41,"column":1}},"line":19},"1":{"name":"signup","decl":{"start":{"line":43,"column":15},"end":{"line":43,"column":21}},"loc":{"start":{"line":43,"column":32},"end":{"line":59,"column":1}},"line":43},"2":{"name":"processSearchWords","decl":{"start":{"line":62,"column":9},"end":{"line":62,"column":27}},"loc":{"start":{"line":62,"column":35},"end":{"line":68,"column":1}},"line":62},"3":{"name":"(anonymous_3)","decl":{"start":{"line":64,"column":19},"end":{"line":64,"column":20}},"loc":{"start":{"line":64,"column":51},"end":{"line":66,"column":3}},"line":64},"4":{"name":"multipleWhere","decl":{"start":{"line":71,"column":9},"end":{"line":71,"column":22}},"loc":{"start":{"line":71,"column":55},"end":{"line":92,"column":1}},"line":71},"5":{"name":"createTempTable","decl":{"start":{"line":95,"column":15},"end":{"line":95,"column":30}},"loc":{"start":{"line":95,"column":33},"end":{"line":138,"column":1}},"line":95},"6":{"name":"(anonymous_6)","decl":{"start":{"line":130,"column":4},"end":{"line":130,"column":5}},"loc":{"start":{"line":130,"column":38},"end":{"line":136,"column":5}},"line":130},"7":{"name":"getBestAuthors","decl":{"start":{"line":142,"column":15},"end":{"line":142,"column":29}},"loc":{"start":{"line":142,"column":40},"end":{"line":176,"column":1}},"line":142},"8":{"name":"(anonymous_8)","decl":{"start":{"line":166,"column":4},"end":{"line":166,"column":5}},"loc":{"start":{"line":166,"column":38},"end":{"line":173,"column":5}},"line":166},"9":{"name":"mostEmployedCities","decl":{"start":{"line":179,"column":15},"end":{"line":179,"column":33}},"loc":{"start":{"line":179,"column":44},"end":{"line":203,"column":1}},"line":179},"10":{"name":"(anonymous_10)","decl":{"start":{"line":194,"column":4},"end":{"line":194,"column":5}},"loc":{"start":{"line":194,"column":38},"end":{"line":201,"column":5}},"line":194},"11":{"name":"mostBenefitedOrg","decl":{"start":{"line":206,"column":15},"end":{"line":206,"column":31}},"loc":{"start":{"line":206,"column":42},"end":{"line":277,"column":1}},"line":206},"12":{"name":"(anonymous_12)","decl":{"start":{"line":268,"column":4},"end":{"line":268,"column":5}},"loc":{"start":{"line":268,"column":38},"end":{"line":275,"column":5}},"line":268},"13":{"name":"topBioEdByCountry","decl":{"start":{"line":280,"column":15},"end":{"line":280,"column":32}},"loc":{"start":{"line":280,"column":43},"end":{"line":312,"column":1}},"line":280},"14":{"name":"(anonymous_14)","decl":{"start":{"line":303,"column":4},"end":{"line":303,"column":5}},"loc":{"start":{"line":303,"column":38},"end":{"line":310,"column":5}},"line":303},"15":{"name":"topInstituteByCountry","decl":{"start":{"line":315,"column":15},"end":{"line":315,"column":36}},"loc":{"start":{"line":315,"column":47},"end":{"line":345,"column":1}},"line":315},"16":{"name":"(anonymous_16)","decl":{"start":{"line":336,"column":4},"end":{"line":336,"column":5}},"loc":{"start":{"line":336,"column":38},"end":{"line":343,"column":5}},"line":336},"17":{"name":"getMigrations","decl":{"start":{"line":348,"column":15},"end":{"line":348,"column":28}},"loc":{"start":{"line":348,"column":39},"end":{"line":370,"column":1}},"line":348},"18":{"name":"(anonymous_18)","decl":{"start":{"line":360,"column":6},"end":{"line":360,"column":7}},"loc":{"start":{"line":360,"column":40},"end":{"line":367,"column":7}},"line":360},"19":{"name":"filterResearchers","decl":{"start":{"line":374,"column":15},"end":{"line":374,"column":32}},"loc":{"start":{"line":374,"column":43},"end":{"line":415,"column":1}},"line":374},"20":{"name":"(anonymous_20)","decl":{"start":{"line":405,"column":6},"end":{"line":405,"column":7}},"loc":{"start":{"line":405,"column":40},"end":{"line":412,"column":7}},"line":405},"21":{"name":"filterPaperWords","decl":{"start":{"line":418,"column":15},"end":{"line":418,"column":31}},"loc":{"start":{"line":418,"column":42},"end":{"line":454,"column":1}},"line":418},"22":{"name":"(anonymous_22)","decl":{"start":{"line":444,"column":6},"end":{"line":444,"column":7}},"loc":{"start":{"line":444,"column":40},"end":{"line":451,"column":7}},"line":444},"23":{"name":"filterPaperPublication","decl":{"start":{"line":457,"column":15},"end":{"line":457,"column":37}},"loc":{"start":{"line":457,"column":48},"end":{"line":490,"column":1}},"line":457},"24":{"name":"(anonymous_24)","decl":{"start":{"line":480,"column":6},"end":{"line":480,"column":7}},"loc":{"start":{"line":480,"column":40},"end":{"line":487,"column":7}},"line":480},"25":{"name":"topResearcher","decl":{"start":{"line":495,"column":15},"end":{"line":495,"column":28}},"loc":{"start":{"line":495,"column":39},"end":{"line":526,"column":1}},"line":495},"26":{"name":"(anonymous_26)","decl":{"start":{"line":516,"column":6},"end":{"line":516,"column":7}},"loc":{"start":{"line":516,"column":40},"end":{"line":523,"column":7}},"line":516},"27":{"name":"getTotalPaperByCountry","decl":{"start":{"line":528,"column":15},"end":{"line":528,"column":37}},"loc":{"start":{"line":528,"column":48},"end":{"line":547,"column":1}},"line":528},"28":{"name":"(anonymous_28)","decl":{"start":{"line":537,"column":6},"end":{"line":537,"column":7}},"loc":{"start":{"line":537,"column":40},"end":{"line":544,"column":7}},"line":537},"29":{"name":"getCountries","decl":{"start":{"line":550,"column":15},"end":{"line":550,"column":27}},"loc":{"start":{"line":550,"column":38},"end":{"line":568,"column":1}},"line":550},"30":{"name":"(anonymous_30)","decl":{"start":{"line":558,"column":6},"end":{"line":558,"column":7}},"loc":{"start":{"line":558,"column":40},"end":{"line":565,"column":7}},"line":558}},"branchMap":{"0":{"loc":{"start":{"line":26,"column":4},"end":{"line":35,"column":5}},"type":"if","locations":[{"start":{"line":26,"column":4},"end":{"line":35,"column":5}},{"start":{"line":28,"column":11},"end":{"line":35,"column":5}}],"line":26},"1":{"loc":{"start":{"line":30,"column":6},"end":{"line":34,"column":7}},"type":"if","locations":[{"start":{"line":30,"column":6},"end":{"line":34,"column":7}},{"start":{"line":32,"column":13},"end":{"line":34,"column":7}}],"line":30},"2":{"loc":{"start":{"line":74,"column":4},"end":{"line":89,"column":5}},"type":"if","locations":[{"start":{"line":74,"column":4},"end":{"line":89,"column":5}},{"start":{},"end":{}}],"line":74},"3":{"loc":{"start":{"line":75,"column":6},"end":{"line":88,"column":7}},"type":"if","locations":[{"start":{"line":75,"column":6},"end":{"line":88,"column":7}},{"start":{"line":82,"column":13},"end":{"line":88,"column":7}}],"line":75},"4":{"loc":{"start":{"line":76,"column":8},"end":{"line":80,"column":9}},"type":"if","locations":[{"start":{"line":76,"column":8},"end":{"line":80,"column":9}},{"start":{"line":78,"column":15},"end":{"line":80,"column":9}}],"line":76},"5":{"loc":{"start":{"line":83,"column":8},"end":{"line":87,"column":9}},"type":"if","locations":[{"start":{"line":83,"column":8},"end":{"line":87,"column":9}},{"start":{"line":85,"column":15},"end":{"line":87,"column":9}}],"line":83},"6":{"loc":{"start":{"line":131,"column":6},"end":{"line":135,"column":7}},"type":"if","locations":[{"start":{"line":131,"column":6},"end":{"line":135,"column":7}},{"start":{"line":133,"column":13},"end":{"line":135,"column":7}}],"line":131},"7":{"loc":{"start":{"line":133,"column":13},"end":{"line":135,"column":7}},"type":"if","locations":[{"start":{"line":133,"column":13},"end":{"line":135,"column":7}},{"start":{},"end":{}}],"line":133},"8":{"loc":{"start":{"line":145,"column":2},"end":{"line":147,"column":3}},"type":"if","locations":[{"start":{"line":145,"column":2},"end":{"line":147,"column":3}},{"start":{},"end":{}}],"line":145},"9":{"loc":{"start":{"line":167,"column":6},"end":{"line":172,"column":7}},"type":"if","locations":[{"start":{"line":167,"column":6},"end":{"line":172,"column":7}},{"start":{"line":170,"column":13},"end":{"line":172,"column":7}}],"line":167},"10":{"loc":{"start":{"line":170,"column":13},"end":{"line":172,"column":7}},"type":"if","locations":[{"start":{"line":170,"column":13},"end":{"line":172,"column":7}},{"start":{},"end":{}}],"line":170},"11":{"loc":{"start":{"line":182,"column":2},"end":{"line":184,"column":3}},"type":"if","locations":[{"start":{"line":182,"column":2},"end":{"line":184,"column":3}},{"start":{},"end":{}}],"line":182},"12":{"loc":{"start":{"line":195,"column":6},"end":{"line":200,"column":7}},"type":"if","locations":[{"start":{"line":195,"column":6},"end":{"line":200,"column":7}},{"start":{"line":198,"column":13},"end":{"line":200,"column":7}}],"line":195},"13":{"loc":{"start":{"line":198,"column":13},"end":{"line":200,"column":7}},"type":"if","locations":[{"start":{"line":198,"column":13},"end":{"line":200,"column":7}},{"start":{},"end":{}}],"line":198},"14":{"loc":{"start":{"line":211,"column":2},"end":{"line":213,"column":3}},"type":"if","locations":[{"start":{"line":211,"column":2},"end":{"line":213,"column":3}},{"start":{},"end":{}}],"line":211},"15":{"loc":{"start":{"line":214,"column":2},"end":{"line":216,"column":3}},"type":"if","locations":[{"start":{"line":214,"column":2},"end":{"line":216,"column":3}},{"start":{},"end":{}}],"line":214},"16":{"loc":{"start":{"line":217,"column":2},"end":{"line":219,"column":3}},"type":"if","locations":[{"start":{"line":217,"column":2},"end":{"line":219,"column":3}},{"start":{},"end":{}}],"line":217},"17":{"loc":{"start":{"line":269,"column":6},"end":{"line":274,"column":7}},"type":"if","locations":[{"start":{"line":269,"column":6},"end":{"line":274,"column":7}},{"start":{"line":272,"column":13},"end":{"line":274,"column":7}}],"line":269},"18":{"loc":{"start":{"line":272,"column":13},"end":{"line":274,"column":7}},"type":"if","locations":[{"start":{"line":272,"column":13},"end":{"line":274,"column":7}},{"start":{},"end":{}}],"line":272},"19":{"loc":{"start":{"line":283,"column":2},"end":{"line":285,"column":3}},"type":"if","locations":[{"start":{"line":283,"column":2},"end":{"line":285,"column":3}},{"start":{},"end":{}}],"line":283},"20":{"loc":{"start":{"line":294,"column":2},"end":{"line":296,"column":3}},"type":"if","locations":[{"start":{"line":294,"column":2},"end":{"line":296,"column":3}},{"start":{},"end":{}}],"line":294},"21":{"loc":{"start":{"line":304,"column":6},"end":{"line":309,"column":7}},"type":"if","locations":[{"start":{"line":304,"column":6},"end":{"line":309,"column":7}},{"start":{"line":307,"column":13},"end":{"line":309,"column":7}}],"line":304},"22":{"loc":{"start":{"line":307,"column":13},"end":{"line":309,"column":7}},"type":"if","locations":[{"start":{"line":307,"column":13},"end":{"line":309,"column":7}},{"start":{},"end":{}}],"line":307},"23":{"loc":{"start":{"line":318,"column":2},"end":{"line":320,"column":3}},"type":"if","locations":[{"start":{"line":318,"column":2},"end":{"line":320,"column":3}},{"start":{},"end":{}}],"line":318},"24":{"loc":{"start":{"line":327,"column":2},"end":{"line":329,"column":3}},"type":"if","locations":[{"start":{"line":327,"column":2},"end":{"line":329,"column":3}},{"start":{},"end":{}}],"line":327},"25":{"loc":{"start":{"line":337,"column":6},"end":{"line":342,"column":7}},"type":"if","locations":[{"start":{"line":337,"column":6},"end":{"line":342,"column":7}},{"start":{"line":340,"column":13},"end":{"line":342,"column":7}}],"line":337},"26":{"loc":{"start":{"line":340,"column":13},"end":{"line":342,"column":7}},"type":"if","locations":[{"start":{"line":340,"column":13},"end":{"line":342,"column":7}},{"start":{},"end":{}}],"line":340},"27":{"loc":{"start":{"line":355,"column":2},"end":{"line":369,"column":3}},"type":"if","locations":[{"start":{"line":355,"column":2},"end":{"line":369,"column":3}},{"start":{"line":357,"column":9},"end":{"line":369,"column":3}}],"line":355},"28":{"loc":{"start":{"line":355,"column":6},"end":{"line":355,"column":46}},"type":"binary-expr","locations":[{"start":{"line":355,"column":6},"end":{"line":355,"column":20}},{"start":{"line":355,"column":24},"end":{"line":355,"column":46}}],"line":355},"29":{"loc":{"start":{"line":361,"column":8},"end":{"line":366,"column":9}},"type":"if","locations":[{"start":{"line":361,"column":8},"end":{"line":366,"column":9}},{"start":{"line":364,"column":15},"end":{"line":366,"column":9}}],"line":361},"30":{"loc":{"start":{"line":364,"column":15},"end":{"line":366,"column":9}},"type":"if","locations":[{"start":{"line":364,"column":15},"end":{"line":366,"column":9}},{"start":{},"end":{}}],"line":364},"31":{"loc":{"start":{"line":380,"column":4},"end":{"line":391,"column":5}},"type":"if","locations":[{"start":{"line":380,"column":4},"end":{"line":391,"column":5}},{"start":{},"end":{}}],"line":380},"32":{"loc":{"start":{"line":382,"column":6},"end":{"line":384,"column":7}},"type":"if","locations":[{"start":{"line":382,"column":6},"end":{"line":384,"column":7}},{"start":{},"end":{}}],"line":382},"33":{"loc":{"start":{"line":385,"column":6},"end":{"line":389,"column":7}},"type":"if","locations":[{"start":{"line":385,"column":6},"end":{"line":389,"column":7}},{"start":{"line":387,"column":13},"end":{"line":389,"column":7}}],"line":385},"34":{"loc":{"start":{"line":395,"column":2},"end":{"line":397,"column":3}},"type":"if","locations":[{"start":{"line":395,"column":2},"end":{"line":397,"column":3}},{"start":{},"end":{}}],"line":395},"35":{"loc":{"start":{"line":400,"column":2},"end":{"line":414,"column":3}},"type":"if","locations":[{"start":{"line":400,"column":2},"end":{"line":414,"column":3}},{"start":{"line":402,"column":9},"end":{"line":414,"column":3}}],"line":400},"36":{"loc":{"start":{"line":400,"column":6},"end":{"line":400,"column":46}},"type":"binary-expr","locations":[{"start":{"line":400,"column":6},"end":{"line":400,"column":20}},{"start":{"line":400,"column":24},"end":{"line":400,"column":46}}],"line":400},"37":{"loc":{"start":{"line":406,"column":8},"end":{"line":411,"column":9}},"type":"if","locations":[{"start":{"line":406,"column":8},"end":{"line":411,"column":9}},{"start":{"line":409,"column":15},"end":{"line":411,"column":9}}],"line":406},"38":{"loc":{"start":{"line":409,"column":15},"end":{"line":411,"column":9}},"type":"if","locations":[{"start":{"line":409,"column":15},"end":{"line":411,"column":9}},{"start":{},"end":{}}],"line":409},"39":{"loc":{"start":{"line":420,"column":2},"end":{"line":425,"column":3}},"type":"if","locations":[{"start":{"line":420,"column":2},"end":{"line":425,"column":3}},{"start":{"line":422,"column":9},"end":{"line":425,"column":3}}],"line":420},"40":{"loc":{"start":{"line":439,"column":2},"end":{"line":453,"column":3}},"type":"if","locations":[{"start":{"line":439,"column":2},"end":{"line":453,"column":3}},{"start":{"line":441,"column":9},"end":{"line":453,"column":3}}],"line":439},"41":{"loc":{"start":{"line":439,"column":6},"end":{"line":439,"column":46}},"type":"binary-expr","locations":[{"start":{"line":439,"column":6},"end":{"line":439,"column":20}},{"start":{"line":439,"column":24},"end":{"line":439,"column":46}}],"line":439},"42":{"loc":{"start":{"line":445,"column":8},"end":{"line":450,"column":9}},"type":"if","locations":[{"start":{"line":445,"column":8},"end":{"line":450,"column":9}},{"start":{"line":448,"column":15},"end":{"line":450,"column":9}}],"line":445},"43":{"loc":{"start":{"line":448,"column":15},"end":{"line":450,"column":9}},"type":"if","locations":[{"start":{"line":448,"column":15},"end":{"line":450,"column":9}},{"start":{},"end":{}}],"line":448},"44":{"loc":{"start":{"line":475,"column":2},"end":{"line":489,"column":3}},"type":"if","locations":[{"start":{"line":475,"column":2},"end":{"line":489,"column":3}},{"start":{"line":477,"column":9},"end":{"line":489,"column":3}}],"line":475},"45":{"loc":{"start":{"line":475,"column":6},"end":{"line":475,"column":46}},"type":"binary-expr","locations":[{"start":{"line":475,"column":6},"end":{"line":475,"column":20}},{"start":{"line":475,"column":24},"end":{"line":475,"column":46}}],"line":475},"46":{"loc":{"start":{"line":481,"column":8},"end":{"line":486,"column":9}},"type":"if","locations":[{"start":{"line":481,"column":8},"end":{"line":486,"column":9}},{"start":{"line":484,"column":15},"end":{"line":486,"column":9}}],"line":481},"47":{"loc":{"start":{"line":484,"column":15},"end":{"line":486,"column":9}},"type":"if","locations":[{"start":{"line":484,"column":15},"end":{"line":486,"column":9}},{"start":{},"end":{}}],"line":484},"48":{"loc":{"start":{"line":496,"column":2},"end":{"line":499,"column":3}},"type":"if","locations":[{"start":{"line":496,"column":2},"end":{"line":499,"column":3}},{"start":{},"end":{}}],"line":496},"49":{"loc":{"start":{"line":500,"column":22},"end":{"line":500,"column":73}},"type":"cond-expr","locations":[{"start":{"line":500,"column":46},"end":{"line":500,"column":67}},{"start":{"line":500,"column":70},"end":{"line":500,"column":73}}],"line":500},"50":{"loc":{"start":{"line":511,"column":2},"end":{"line":525,"column":3}},"type":"if","locations":[{"start":{"line":511,"column":2},"end":{"line":525,"column":3}},{"start":{"line":513,"column":9},"end":{"line":525,"column":3}}],"line":511},"51":{"loc":{"start":{"line":511,"column":6},"end":{"line":511,"column":46}},"type":"binary-expr","locations":[{"start":{"line":511,"column":6},"end":{"line":511,"column":20}},{"start":{"line":511,"column":24},"end":{"line":511,"column":46}}],"line":511},"52":{"loc":{"start":{"line":517,"column":8},"end":{"line":522,"column":9}},"type":"if","locations":[{"start":{"line":517,"column":8},"end":{"line":522,"column":9}},{"start":{"line":520,"column":15},"end":{"line":522,"column":9}}],"line":517},"53":{"loc":{"start":{"line":520,"column":15},"end":{"line":522,"column":9}},"type":"if","locations":[{"start":{"line":520,"column":15},"end":{"line":522,"column":9}},{"start":{},"end":{}}],"line":520},"54":{"loc":{"start":{"line":532,"column":2},"end":{"line":546,"column":3}},"type":"if","locations":[{"start":{"line":532,"column":2},"end":{"line":546,"column":3}},{"start":{"line":534,"column":9},"end":{"line":546,"column":3}}],"line":532},"55":{"loc":{"start":{"line":532,"column":6},"end":{"line":532,"column":46}},"type":"binary-expr","locations":[{"start":{"line":532,"column":6},"end":{"line":532,"column":20}},{"start":{"line":532,"column":24},"end":{"line":532,"column":46}}],"line":532},"56":{"loc":{"start":{"line":538,"column":8},"end":{"line":543,"column":9}},"type":"if","locations":[{"start":{"line":538,"column":8},"end":{"line":543,"column":9}},{"start":{"line":541,"column":15},"end":{"line":543,"column":9}}],"line":538},"57":{"loc":{"start":{"line":541,"column":15},"end":{"line":543,"column":9}},"type":"if","locations":[{"start":{"line":541,"column":15},"end":{"line":543,"column":9}},{"start":{},"end":{}}],"line":541},"58":{"loc":{"start":{"line":553,"column":2},"end":{"line":567,"column":3}},"type":"if","locations":[{"start":{"line":553,"column":2},"end":{"line":567,"column":3}},{"start":{"line":555,"column":9},"end":{"line":567,"column":3}}],"line":553},"59":{"loc":{"start":{"line":553,"column":6},"end":{"line":553,"column":46}},"type":"binary-expr","locations":[{"start":{"line":553,"column":6},"end":{"line":553,"column":20}},{"start":{"line":553,"column":24},"end":{"line":553,"column":46}}],"line":553},"60":{"loc":{"start":{"line":559,"column":8},"end":{"line":564,"column":9}},"type":"if","locations":[{"start":{"line":559,"column":8},"end":{"line":564,"column":9}},{"start":{"line":562,"column":15},"end":{"line":564,"column":9}}],"line":559},"61":{"loc":{"start":{"line":562,"column":15},"end":{"line":564,"column":9}},"type":"if","locations":[{"start":{"line":562,"column":15},"end":{"line":564,"column":9}},{"start":{},"end":{}}],"line":562}},"s":{"0":1,"1":1,"2":1,"3":1,"4":1,"5":1,"6":0,"7":0,"8":0,"9":0,"10":0,"11":0,"12":0,"13":0,"14":0,"15":0,"16":0,"17":0,"18":0,"19":0,"20":0,"21":0,"22":0,"23":0,"24":0,"25":0,"26":0,"27":1,"28":1,"29":0,"30":0,"31":0,"32":0,"33":0,"34":0,"35":0,"36":0,"37":0,"38":1,"39":1,"40":1,"41":0,"42":0,"43":0,"44":0,"45":1,"46":0,"47":0,"48":0,"49":0,"50":0,"51":0,"52":0,"53":0,"54":0,"55":0,"56":0,"57":0,"58":0,"59":0,"60":0,"61":0,"62":0,"63":0,"64":0,"65":0,"66":0,"67":0,"68":0,"69":0,"70":0,"71":0,"72":0,"73":0,"74":0,"75":0,"76":0,"77":0,"78":0,"79":0,"80":0,"81":0,"82":0,"83":0,"84":0,"85":0,"86":0,"87":0,"88":0,"89":0,"90":0,"91":0,"92":0,"93":0,"94":0,"95":0,"96":0,"97":0,"98":0,"99":0,"100":0,"101":0,"102":0,"103":0,"104":0,"105":0,"106":0,"107":0,"108":1,"109":1,"110":1,"111":1,"112":1,"113":1,"114":0,"115":0,"116":0,"117":0,"118":0,"119":0,"120":0,"121":0,"122":0,"123":0,"124":0,"125":0,"126":0,"127":0,"128":0,"129":0,"130":0,"131":0,"132":0,"133":0,"134":0,"135":0,"136":0,"137":0,"138":0,"139":0,"140":0,"141":0,"142":0,"143":0,"144":0,"145":0,"146":0,"147":0,"148":0,"149":0,"150":0,"151":0,"152":0,"153":0,"154":0,"155":0,"156":0,"157":0,"158":0,"159":0,"160":0,"161":0,"162":0,"163":0,"164":0,"165":0,"166":0,"167":0,"168":0,"169":0,"170":0,"171":0,"172":0,"173":0,"174":0,"175":0,"176":0,"177":0,"178":0,"179":0,"180":0,"181":0,"182":0,"183":0,"184":0,"185":0,"186":0,"187":0,"188":0,"189":0,"190":0,"191":0,"192":0,"193":0,"194":0,"195":0,"196":0,"197":1},"f":{"0":0,"1":0,"2":0,"3":0,"4":1,"5":1,"6":0,"7":0,"8":0,"9":0,"10":0,"11":0,"12":0,"13":0,"14":0,"15":0,"16":0,"17":1,"18":0,"19":0,"20":0,"21":0,"22":0,"23":0,"24":0,"25":0,"26":0,"27":0,"28":0,"29":0,"30":0},"b":{"0":[0,0],"1":[0,0],"2":[0,0],"3":[0,0],"4":[0,0],"5":[0,0],"6":[0,0],"7":[0,0],"8":[0,0],"9":[0,0],"10":[0,0],"11":[0,0],"12":[0,0],"13":[0,0],"14":[0,0],"15":[0,0],"16":[0,0],"17":[0,0],"18":[0,0],"19":[0,0],"20":[0,0],"21":[0,0],"22":[0,0],"23":[0,0],"24":[0,0],"25":[0,0],"26":[0,0],"27":[0,1],"28":[1,0],"29":[0,0],"30":[0,0],"31":[0,0],"32":[0,0],"33":[0,0],"34":[0,0],"35":[0,0],"36":[0,0],"37":[0,0],"38":[0,0],"39":[0,0],"40":[0,0],"41":[0,0],"42":[0,0],"43":[0,0],"44":[0,0],"45":[0,0],"46":[0,0],"47":[0,0],"48":[0,0],"49":[0,0],"50":[0,0],"51":[0,0],"52":[0,0],"53":[0,0],"54":[0,0],"55":[0,0],"56":[0,0],"57":[0,0],"58":[0,0],"59":[0,0],"60":[0,0],"61":[0,0]},"_coverageSchema":"1a1c01bbd47fc00a2c39e90264f33305004495a9","hash":"9955f76b694dc2da42f20913897f49ef8fa79241"}
,"/home/kevinb/Desktop/UPenn/2022_fall/cis_550/CIS5500Project/backend/server.js": {"path":"/home/kevinb/Desktop/UPenn/2022_fall/cis_550/CIS5500Project/backend/server.js","statementMap":{"0":{"start":{"line":1,"column":16},"end":{"line":1,"column":34}},"1":{"start":{"line":2,"column":11},"end":{"line":2,"column":26}},"2":{"start":{"line":4,"column":15},"end":{"line":4,"column":34}},"3":{"start":{"line":5,"column":15},"end":{"line":5,"column":39}},"4":{"start":{"line":7,"column":12},"end":{"line":7,"column":21}},"5":{"start":{"line":10,"column":0},"end":{"line":14,"column":4}},"6":{"start":{"line":17,"column":0},"end":{"line":17,"column":24}},"7":{"start":{"line":20,"column":0},"end":{"line":20,"column":42}},"8":{"start":{"line":23,"column":0},"end":{"line":23,"column":49}},"9":{"start":{"line":26,"column":0},"end":{"line":26,"column":57}},"10":{"start":{"line":29,"column":0},"end":{"line":29,"column":53}},"11":{"start":{"line":32,"column":0},"end":{"line":32,"column":55}},"12":{"start":{"line":35,"column":0},"end":{"line":35,"column":63}},"13":{"start":{"line":38,"column":0},"end":{"line":38,"column":43}},"14":{"start":{"line":41,"column":0},"end":{"line":41,"column":55}},"15":{"start":{"line":44,"column":0},"end":{"line":44,"column":48}},"16":{"start":{"line":47,"column":0},"end":{"line":47,"column":61}},"17":{"start":{"line":50,"column":0},"end":{"line":50,"column":49}},"18":{"start":{"line":53,"column":0},"end":{"line":53,"column":63}},"19":{"start":{"line":56,"column":0},"end":{"line":56,"column":32}},"20":{"start":{"line":59,"column":0},"end":{"line":59,"column":34}},"21":{"start":{"line":61,"column":0},"end":{"line":63,"column":3}},"22":{"start":{"line":62,"column":4},"end":{"line":62,"column":89}},"23":{"start":{"line":65,"column":0},"end":{"line":65,"column":21}}},"fnMap":{"0":{"name":"(anonymous_0)","decl":{"start":{"line":61,"column":31},"end":{"line":61,"column":32}},"loc":{"start":{"line":61,"column":37},"end":{"line":63,"column":1}},"line":61}},"branchMap":{},"s":{"0":1,"1":1,"2":1,"3":1,"4":1,"5":1,"6":1,"7":1,"8":1,"9":1,"10":1,"11":1,"12":1,"13":1,"14":1,"15":1,"16":1,"17":1,"18":1,"19":1,"20":1,"21":1,"22":1,"23":1},"f":{"0":1},"b":{},"_coverageSchema":"1a1c01bbd47fc00a2c39e90264f33305004495a9","hash":"88df698c0d3d592b5b1c6e7b2def99be3e0915b1"}
}
