{"/home/kevinb/Desktop/UPenn/2022_fall/cis_550/CIS5500Project/backend/routes.js": {"path":"/home/kevinb/Desktop/UPenn/2022_fall/cis_550/CIS5500Project/backend/routes.js","statementMap":{"0":{"start":{"line":1,"column":15},"end":{"line":1,"column":39}},"1":{"start":{"line":2,"column":14},"end":{"line":2,"column":30}},"2":{"start":{"line":3,"column":42},"end":{"line":3,"column":60}},"3":{"start":{"line":5,"column":19},"end":{"line":12,"column":2}},"4":{"start":{"line":13,"column":0},"end":{"line":13,"column":21}},"5":{"start":{"line":16,"column":15},"end":{"line":16,"column":135}},"6":{"start":{"line":19,"column":16},"end":{"line":19,"column":30}},"7":{"start":{"line":20,"column":19},"end":{"line":20,"column":36}},"8":{"start":{"line":22,"column":2},"end":{"line":39,"column":3}},"9":{"start":{"line":23,"column":23},"end":{"line":23,"column":62}},"10":{"start":{"line":24,"column":19},"end":{"line":24,"column":61}},"11":{"start":{"line":25,"column":4},"end":{"line":34,"column":5}},"12":{"start":{"line":26,"column":6},"end":{"line":26,"column":61}},"13":{"start":{"line":29,"column":6},"end":{"line":33,"column":7}},"14":{"start":{"line":30,"column":8},"end":{"line":30,"column":72}},"15":{"start":{"line":32,"column":8},"end":{"line":32,"column":59}},"16":{"start":{"line":36,"column":4},"end":{"line":36,"column":39}},"17":{"start":{"line":43,"column":2},"end":{"line":57,"column":3}},"18":{"start":{"line":44,"column":23},"end":{"line":44,"column":62}},"19":{"start":{"line":45,"column":4},"end":{"line":45,"column":67}},"20":{"start":{"line":46,"column":19},"end":{"line":51,"column":6}},"21":{"start":{"line":52,"column":4},"end":{"line":52,"column":60}},"22":{"start":{"line":54,"column":4},"end":{"line":54,"column":46}},"23":{"start":{"line":62,"column":17},"end":{"line":62,"column":33}},"24":{"start":{"line":63,"column":2},"end":{"line":65,"column":5}},"25":{"start":{"line":64,"column":4},"end":{"line":64,"column":45}},"26":{"start":{"line":66,"column":2},"end":{"line":66,"column":29}},"27":{"start":{"line":71,"column":22},"end":{"line":71,"column":26}},"28":{"start":{"line":72,"column":2},"end":{"line":89,"column":3}},"29":{"start":{"line":73,"column":4},"end":{"line":88,"column":5}},"30":{"start":{"line":74,"column":6},"end":{"line":87,"column":7}},"31":{"start":{"line":75,"column":8},"end":{"line":77,"column":9}},"32":{"start":{"line":76,"column":10},"end":{"line":76,"column":68}},"33":{"start":{"line":80,"column":8},"end":{"line":80,"column":30}},"34":{"start":{"line":82,"column":8},"end":{"line":86,"column":9}},"35":{"start":{"line":83,"column":10},"end":{"line":83,"column":66}},"36":{"start":{"line":85,"column":10},"end":{"line":85,"column":68}},"37":{"start":{"line":90,"column":2},"end":{"line":90,"column":18}},"38":{"start":{"line":98,"column":14},"end":{"line":112,"column":3}},"39":{"start":{"line":114,"column":2},"end":{"line":122,"column":3}},"40":{"start":{"line":116,"column":6},"end":{"line":120,"column":7}},"41":{"start":{"line":117,"column":8},"end":{"line":117,"column":34}},"42":{"start":{"line":118,"column":13},"end":{"line":120,"column":7}},"43":{"start":{"line":119,"column":8},"end":{"line":119,"column":38}},"44":{"start":{"line":129,"column":14},"end":{"line":136,"column":3}},"45":{"start":{"line":138,"column":2},"end":{"line":146,"column":3}},"46":{"start":{"line":140,"column":6},"end":{"line":144,"column":7}},"47":{"start":{"line":141,"column":8},"end":{"line":141,"column":35}},"48":{"start":{"line":142,"column":13},"end":{"line":144,"column":7}},"49":{"start":{"line":143,"column":8},"end":{"line":143,"column":39}},"50":{"start":{"line":152,"column":14},"end":{"line":152,"column":17}},"51":{"start":{"line":153,"column":12},"end":{"line":153,"column":13}},"52":{"start":{"line":154,"column":12},"end":{"line":154,"column":13}},"53":{"start":{"line":155,"column":2},"end":{"line":157,"column":3}},"54":{"start":{"line":156,"column":4},"end":{"line":156,"column":28}},"55":{"start":{"line":158,"column":2},"end":{"line":160,"column":3}},"56":{"start":{"line":159,"column":4},"end":{"line":159,"column":24}},"57":{"start":{"line":161,"column":2},"end":{"line":163,"column":3}},"58":{"start":{"line":162,"column":4},"end":{"line":162,"column":24}},"59":{"start":{"line":165,"column":14},"end":{"line":210,"column":3}},"60":{"start":{"line":211,"column":2},"end":{"line":219,"column":3}},"61":{"start":{"line":213,"column":6},"end":{"line":217,"column":7}},"62":{"start":{"line":214,"column":8},"end":{"line":214,"column":34}},"63":{"start":{"line":215,"column":13},"end":{"line":217,"column":7}},"64":{"start":{"line":216,"column":8},"end":{"line":216,"column":38}},"65":{"start":{"line":225,"column":14},"end":{"line":225,"column":17}},"66":{"start":{"line":226,"column":2},"end":{"line":228,"column":3}},"67":{"start":{"line":227,"column":4},"end":{"line":227,"column":28}},"68":{"start":{"line":230,"column":14},"end":{"line":235,"column":3}},"69":{"start":{"line":237,"column":2},"end":{"line":239,"column":3}},"70":{"start":{"line":238,"column":4},"end":{"line":238,"column":59}},"71":{"start":{"line":241,"column":2},"end":{"line":243,"column":18}},"72":{"start":{"line":245,"column":2},"end":{"line":253,"column":3}},"73":{"start":{"line":247,"column":6},"end":{"line":251,"column":7}},"74":{"start":{"line":248,"column":8},"end":{"line":248,"column":35}},"75":{"start":{"line":249,"column":13},"end":{"line":251,"column":7}},"76":{"start":{"line":250,"column":8},"end":{"line":250,"column":39}},"77":{"start":{"line":260,"column":14},"end":{"line":263,"column":3}},"78":{"start":{"line":265,"column":2},"end":{"line":267,"column":3}},"79":{"start":{"line":266,"column":4},"end":{"line":266,"column":58}},"80":{"start":{"line":269,"column":2},"end":{"line":271,"column":12}},"81":{"start":{"line":273,"column":2},"end":{"line":281,"column":3}},"82":{"start":{"line":275,"column":6},"end":{"line":279,"column":7}},"83":{"start":{"line":276,"column":8},"end":{"line":276,"column":35}},"84":{"start":{"line":277,"column":13},"end":{"line":279,"column":7}},"85":{"start":{"line":278,"column":8},"end":{"line":278,"column":39}},"86":{"start":{"line":286,"column":17},"end":{"line":286,"column":44}},"87":{"start":{"line":287,"column":26},"end":{"line":287,"column":78}},"88":{"start":{"line":288,"column":2},"end":{"line":288,"column":59}},"89":{"start":{"line":290,"column":2},"end":{"line":290,"column":28}},"90":{"start":{"line":292,"column":2},"end":{"line":305,"column":3}},"91":{"start":{"line":296,"column":4},"end":{"line":304,"column":6}},"92":{"start":{"line":298,"column":8},"end":{"line":302,"column":9}},"93":{"start":{"line":299,"column":10},"end":{"line":299,"column":37}},"94":{"start":{"line":300,"column":15},"end":{"line":302,"column":9}},"95":{"start":{"line":301,"column":10},"end":{"line":301,"column":41}},"96":{"start":{"line":312,"column":17},"end":{"line":326,"column":4}},"97":{"start":{"line":328,"column":2},"end":{"line":332,"column":3}},"98":{"start":{"line":329,"column":4},"end":{"line":331,"column":6}},"99":{"start":{"line":334,"column":2},"end":{"line":338,"column":3}},"100":{"start":{"line":335,"column":4},"end":{"line":337,"column":6}},"101":{"start":{"line":340,"column":2},"end":{"line":344,"column":3}},"102":{"start":{"line":341,"column":4},"end":{"line":343,"column":6}},"103":{"start":{"line":346,"column":2},"end":{"line":349,"column":18}},"104":{"start":{"line":351,"column":2},"end":{"line":357,"column":3}},"105":{"start":{"line":352,"column":4},"end":{"line":353,"column":23}},"106":{"start":{"line":355,"column":4},"end":{"line":356,"column":23}},"107":{"start":{"line":358,"column":2},"end":{"line":364,"column":3}},"108":{"start":{"line":359,"column":4},"end":{"line":360,"column":23}},"109":{"start":{"line":362,"column":4},"end":{"line":363,"column":23}},"110":{"start":{"line":365,"column":2},"end":{"line":371,"column":3}},"111":{"start":{"line":366,"column":4},"end":{"line":367,"column":23}},"112":{"start":{"line":369,"column":4},"end":{"line":370,"column":23}},"113":{"start":{"line":372,"column":2},"end":{"line":374,"column":28}},"114":{"start":{"line":376,"column":2},"end":{"line":384,"column":4}},"115":{"start":{"line":378,"column":6},"end":{"line":382,"column":7}},"116":{"start":{"line":379,"column":8},"end":{"line":379,"column":35}},"117":{"start":{"line":380,"column":13},"end":{"line":382,"column":7}},"118":{"start":{"line":381,"column":8},"end":{"line":381,"column":39}},"119":{"start":{"line":390,"column":20},"end":{"line":390,"column":22}},"120":{"start":{"line":391,"column":2},"end":{"line":396,"column":3}},"121":{"start":{"line":392,"column":4},"end":{"line":392,"column":54}},"122":{"start":{"line":394,"column":4},"end":{"line":394,"column":49}},"123":{"start":{"line":395,"column":4},"end":{"line":395,"column":11}},"124":{"start":{"line":398,"column":17},"end":{"line":408,"column":5}},"125":{"start":{"line":410,"column":2},"end":{"line":423,"column":3}},"126":{"start":{"line":414,"column":4},"end":{"line":422,"column":6}},"127":{"start":{"line":416,"column":8},"end":{"line":420,"column":9}},"128":{"start":{"line":417,"column":10},"end":{"line":417,"column":37}},"129":{"start":{"line":418,"column":15},"end":{"line":420,"column":9}},"130":{"start":{"line":419,"column":10},"end":{"line":419,"column":41}},"131":{"start":{"line":428,"column":17},"end":{"line":438,"column":5}},"132":{"start":{"line":440,"column":26},"end":{"line":440,"column":65}},"133":{"start":{"line":441,"column":2},"end":{"line":441,"column":59}},"134":{"start":{"line":443,"column":2},"end":{"line":443,"column":28}},"135":{"start":{"line":445,"column":2},"end":{"line":458,"column":3}},"136":{"start":{"line":449,"column":4},"end":{"line":457,"column":6}},"137":{"start":{"line":451,"column":8},"end":{"line":455,"column":9}},"138":{"start":{"line":452,"column":10},"end":{"line":452,"column":37}},"139":{"start":{"line":453,"column":15},"end":{"line":455,"column":9}},"140":{"start":{"line":454,"column":10},"end":{"line":454,"column":41}},"141":{"start":{"line":467,"column":2},"end":{"line":470,"column":3}},"142":{"start":{"line":468,"column":4},"end":{"line":468,"column":57}},"143":{"start":{"line":469,"column":4},"end":{"line":469,"column":11}},"144":{"start":{"line":471,"column":23},"end":{"line":471,"column":45}},"145":{"start":{"line":472,"column":17},"end":{"line":479,"column":5}},"146":{"start":{"line":484,"column":4},"end":{"line":493,"column":4}},"147":{"start":{"line":486,"column":8},"end":{"line":490,"column":9}},"148":{"start":{"line":487,"column":10},"end":{"line":487,"column":37}},"149":{"start":{"line":488,"column":15},"end":{"line":490,"column":9}},"150":{"start":{"line":489,"column":10},"end":{"line":489,"column":41}},"151":{"start":{"line":498,"column":17},"end":{"line":503,"column":21}},"152":{"start":{"line":505,"column":2},"end":{"line":518,"column":3}},"153":{"start":{"line":509,"column":4},"end":{"line":517,"column":6}},"154":{"start":{"line":511,"column":8},"end":{"line":515,"column":9}},"155":{"start":{"line":512,"column":10},"end":{"line":512,"column":37}},"156":{"start":{"line":513,"column":15},"end":{"line":515,"column":9}},"157":{"start":{"line":514,"column":10},"end":{"line":514,"column":41}},"158":{"start":{"line":523,"column":17},"end":{"line":523,"column":43}},"159":{"start":{"line":525,"column":2},"end":{"line":538,"column":3}},"160":{"start":{"line":529,"column":4},"end":{"line":537,"column":6}},"161":{"start":{"line":531,"column":8},"end":{"line":535,"column":9}},"162":{"start":{"line":532,"column":10},"end":{"line":532,"column":37}},"163":{"start":{"line":533,"column":15},"end":{"line":535,"column":9}},"164":{"start":{"line":534,"column":10},"end":{"line":534,"column":41}},"165":{"start":{"line":542,"column":17},"end":{"line":563,"column":3}},"166":{"start":{"line":565,"column":2},"end":{"line":578,"column":3}},"167":{"start":{"line":569,"column":4},"end":{"line":577,"column":6}},"168":{"start":{"line":571,"column":8},"end":{"line":575,"column":9}},"169":{"start":{"line":572,"column":10},"end":{"line":572,"column":37}},"170":{"start":{"line":573,"column":15},"end":{"line":575,"column":9}},"171":{"start":{"line":574,"column":10},"end":{"line":574,"column":41}},"172":{"start":{"line":584,"column":17},"end":{"line":584,"column":67}},"173":{"start":{"line":586,"column":2},"end":{"line":599,"column":3}},"174":{"start":{"line":590,"column":4},"end":{"line":598,"column":6}},"175":{"start":{"line":592,"column":8},"end":{"line":596,"column":9}},"176":{"start":{"line":593,"column":10},"end":{"line":593,"column":37}},"177":{"start":{"line":594,"column":15},"end":{"line":596,"column":9}},"178":{"start":{"line":595,"column":10},"end":{"line":595,"column":41}},"179":{"start":{"line":603,"column":17},"end":{"line":613,"column":30}},"180":{"start":{"line":616,"column":2},"end":{"line":624,"column":4}},"181":{"start":{"line":618,"column":6},"end":{"line":622,"column":7}},"182":{"start":{"line":619,"column":8},"end":{"line":619,"column":35}},"183":{"start":{"line":620,"column":13},"end":{"line":622,"column":7}},"184":{"start":{"line":621,"column":8},"end":{"line":621,"column":39}},"185":{"start":{"line":629,"column":17},"end":{"line":650,"column":14}},"186":{"start":{"line":653,"column":2},"end":{"line":661,"column":4}},"187":{"start":{"line":655,"column":6},"end":{"line":659,"column":7}},"188":{"start":{"line":656,"column":8},"end":{"line":656,"column":35}},"189":{"start":{"line":657,"column":13},"end":{"line":659,"column":7}},"190":{"start":{"line":658,"column":8},"end":{"line":658,"column":39}},"191":{"start":{"line":666,"column":17},"end":{"line":680,"column":4}},"192":{"start":{"line":683,"column":2},"end":{"line":691,"column":4}},"193":{"start":{"line":685,"column":6},"end":{"line":689,"column":7}},"194":{"start":{"line":686,"column":8},"end":{"line":686,"column":35}},"195":{"start":{"line":687,"column":13},"end":{"line":689,"column":7}},"196":{"start":{"line":688,"column":8},"end":{"line":688,"column":39}},"197":{"start":{"line":696,"column":17},"end":{"line":720,"column":13}},"198":{"start":{"line":723,"column":2},"end":{"line":731,"column":4}},"199":{"start":{"line":725,"column":6},"end":{"line":729,"column":7}},"200":{"start":{"line":726,"column":8},"end":{"line":726,"column":35}},"201":{"start":{"line":727,"column":13},"end":{"line":729,"column":7}},"202":{"start":{"line":728,"column":8},"end":{"line":728,"column":39}},"203":{"start":{"line":736,"column":17},"end":{"line":774,"column":13}},"204":{"start":{"line":777,"column":2},"end":{"line":785,"column":4}},"205":{"start":{"line":779,"column":6},"end":{"line":783,"column":7}},"206":{"start":{"line":780,"column":8},"end":{"line":780,"column":35}},"207":{"start":{"line":781,"column":13},"end":{"line":783,"column":7}},"208":{"start":{"line":782,"column":8},"end":{"line":782,"column":39}},"209":{"start":{"line":793,"column":0},"end":{"line":816,"column":2}}},"fnMap":{"0":{"name":"login","decl":{"start":{"line":18,"column":15},"end":{"line":18,"column":20}},"loc":{"start":{"line":18,"column":31},"end":{"line":40,"column":1}},"line":18},"1":{"name":"signup","decl":{"start":{"line":42,"column":15},"end":{"line":42,"column":21}},"loc":{"start":{"line":42,"column":32},"end":{"line":58,"column":1}},"line":42},"2":{"name":"processSearchWords","decl":{"start":{"line":61,"column":9},"end":{"line":61,"column":27}},"loc":{"start":{"line":61,"column":35},"end":{"line":67,"column":1}},"line":61},"3":{"name":"(anonymous_3)","decl":{"start":{"line":63,"column":19},"end":{"line":63,"column":20}},"loc":{"start":{"line":63,"column":52},"end":{"line":65,"column":3}},"line":63},"4":{"name":"multipleWhere","decl":{"start":{"line":70,"column":9},"end":{"line":70,"column":22}},"loc":{"start":{"line":70,"column":55},"end":{"line":91,"column":1}},"line":70},"5":{"name":"getBestAuthors","decl":{"start":{"line":95,"column":15},"end":{"line":95,"column":29}},"loc":{"start":{"line":95,"column":40},"end":{"line":124,"column":1}},"line":95},"6":{"name":"(anonymous_6)","decl":{"start":{"line":115,"column":4},"end":{"line":115,"column":5}},"loc":{"start":{"line":115,"column":38},"end":{"line":121,"column":5}},"line":115},"7":{"name":"mostEmployedCities","decl":{"start":{"line":127,"column":15},"end":{"line":127,"column":33}},"loc":{"start":{"line":127,"column":44},"end":{"line":147,"column":1}},"line":127},"8":{"name":"(anonymous_8)","decl":{"start":{"line":139,"column":4},"end":{"line":139,"column":5}},"loc":{"start":{"line":139,"column":38},"end":{"line":145,"column":5}},"line":139},"9":{"name":"mostBenefitedOrg","decl":{"start":{"line":150,"column":15},"end":{"line":150,"column":31}},"loc":{"start":{"line":150,"column":42},"end":{"line":220,"column":1}},"line":150},"10":{"name":"(anonymous_10)","decl":{"start":{"line":212,"column":4},"end":{"line":212,"column":5}},"loc":{"start":{"line":212,"column":38},"end":{"line":218,"column":5}},"line":212},"11":{"name":"topBioEdByCountry","decl":{"start":{"line":223,"column":15},"end":{"line":223,"column":32}},"loc":{"start":{"line":223,"column":43},"end":{"line":254,"column":1}},"line":223},"12":{"name":"(anonymous_12)","decl":{"start":{"line":246,"column":4},"end":{"line":246,"column":5}},"loc":{"start":{"line":246,"column":38},"end":{"line":252,"column":5}},"line":246},"13":{"name":"topInstituteByCountry","decl":{"start":{"line":257,"column":15},"end":{"line":257,"column":36}},"loc":{"start":{"line":257,"column":47},"end":{"line":282,"column":1}},"line":257},"14":{"name":"(anonymous_14)","decl":{"start":{"line":274,"column":4},"end":{"line":274,"column":5}},"loc":{"start":{"line":274,"column":38},"end":{"line":280,"column":5}},"line":274},"15":{"name":"getMigrations","decl":{"start":{"line":285,"column":15},"end":{"line":285,"column":28}},"loc":{"start":{"line":285,"column":39},"end":{"line":306,"column":1}},"line":285},"16":{"name":"(anonymous_16)","decl":{"start":{"line":297,"column":6},"end":{"line":297,"column":7}},"loc":{"start":{"line":297,"column":40},"end":{"line":303,"column":7}},"line":297},"17":{"name":"filterResearchers","decl":{"start":{"line":310,"column":15},"end":{"line":310,"column":32}},"loc":{"start":{"line":310,"column":43},"end":{"line":386,"column":1}},"line":310},"18":{"name":"(anonymous_18)","decl":{"start":{"line":377,"column":4},"end":{"line":377,"column":5}},"loc":{"start":{"line":377,"column":38},"end":{"line":383,"column":5}},"line":377},"19":{"name":"filterPaperWords","decl":{"start":{"line":389,"column":15},"end":{"line":389,"column":31}},"loc":{"start":{"line":389,"column":42},"end":{"line":424,"column":1}},"line":389},"20":{"name":"(anonymous_20)","decl":{"start":{"line":415,"column":6},"end":{"line":415,"column":7}},"loc":{"start":{"line":415,"column":40},"end":{"line":421,"column":7}},"line":415},"21":{"name":"filterPaperPublication","decl":{"start":{"line":427,"column":15},"end":{"line":427,"column":37}},"loc":{"start":{"line":427,"column":48},"end":{"line":459,"column":1}},"line":427},"22":{"name":"(anonymous_22)","decl":{"start":{"line":450,"column":6},"end":{"line":450,"column":7}},"loc":{"start":{"line":450,"column":40},"end":{"line":456,"column":7}},"line":450},"23":{"name":"topResearcher","decl":{"start":{"line":466,"column":15},"end":{"line":466,"column":28}},"loc":{"start":{"line":466,"column":39},"end":{"line":495,"column":1}},"line":466},"24":{"name":"(anonymous_24)","decl":{"start":{"line":485,"column":6},"end":{"line":485,"column":7}},"loc":{"start":{"line":485,"column":40},"end":{"line":491,"column":7}},"line":485},"25":{"name":"getTotalPaperByCountry","decl":{"start":{"line":497,"column":15},"end":{"line":497,"column":37}},"loc":{"start":{"line":497,"column":48},"end":{"line":519,"column":1}},"line":497},"26":{"name":"(anonymous_26)","decl":{"start":{"line":510,"column":6},"end":{"line":510,"column":7}},"loc":{"start":{"line":510,"column":40},"end":{"line":516,"column":7}},"line":510},"27":{"name":"getCountries","decl":{"start":{"line":522,"column":15},"end":{"line":522,"column":27}},"loc":{"start":{"line":522,"column":38},"end":{"line":539,"column":1}},"line":522},"28":{"name":"(anonymous_28)","decl":{"start":{"line":530,"column":6},"end":{"line":530,"column":7}},"loc":{"start":{"line":530,"column":40},"end":{"line":536,"column":7}},"line":530},"29":{"name":"getVisualData","decl":{"start":{"line":541,"column":15},"end":{"line":541,"column":28}},"loc":{"start":{"line":541,"column":39},"end":{"line":579,"column":1}},"line":541},"30":{"name":"(anonymous_30)","decl":{"start":{"line":570,"column":6},"end":{"line":570,"column":7}},"loc":{"start":{"line":570,"column":40},"end":{"line":576,"column":7}},"line":570},"31":{"name":"getOrganizations","decl":{"start":{"line":583,"column":15},"end":{"line":583,"column":31}},"loc":{"start":{"line":583,"column":42},"end":{"line":600,"column":1}},"line":583},"32":{"name":"(anonymous_32)","decl":{"start":{"line":591,"column":6},"end":{"line":591,"column":7}},"loc":{"start":{"line":591,"column":40},"end":{"line":597,"column":7}},"line":591},"33":{"name":"PapersMoved2C","decl":{"start":{"line":602,"column":15},"end":{"line":602,"column":28}},"loc":{"start":{"line":602,"column":39},"end":{"line":626,"column":1}},"line":602},"34":{"name":"(anonymous_34)","decl":{"start":{"line":617,"column":4},"end":{"line":617,"column":5}},"loc":{"start":{"line":617,"column":38},"end":{"line":623,"column":5}},"line":617},"35":{"name":"bioentitiesMoved2c","decl":{"start":{"line":628,"column":15},"end":{"line":628,"column":33}},"loc":{"start":{"line":628,"column":44},"end":{"line":663,"column":1}},"line":628},"36":{"name":"(anonymous_36)","decl":{"start":{"line":654,"column":4},"end":{"line":654,"column":5}},"loc":{"start":{"line":654,"column":38},"end":{"line":660,"column":5}},"line":654},"37":{"name":"movement2c","decl":{"start":{"line":665,"column":15},"end":{"line":665,"column":25}},"loc":{"start":{"line":665,"column":36},"end":{"line":693,"column":1}},"line":665},"38":{"name":"(anonymous_38)","decl":{"start":{"line":684,"column":4},"end":{"line":684,"column":5}},"loc":{"start":{"line":684,"column":38},"end":{"line":690,"column":5}},"line":684},"39":{"name":"sharedBioentities2c","decl":{"start":{"line":695,"column":15},"end":{"line":695,"column":34}},"loc":{"start":{"line":695,"column":45},"end":{"line":733,"column":1}},"line":695},"40":{"name":"(anonymous_40)","decl":{"start":{"line":724,"column":4},"end":{"line":724,"column":5}},"loc":{"start":{"line":724,"column":38},"end":{"line":730,"column":5}},"line":724},"41":{"name":"papersBoth2c","decl":{"start":{"line":735,"column":15},"end":{"line":735,"column":27}},"loc":{"start":{"line":735,"column":38},"end":{"line":787,"column":1}},"line":735},"42":{"name":"(anonymous_42)","decl":{"start":{"line":778,"column":4},"end":{"line":778,"column":5}},"loc":{"start":{"line":778,"column":38},"end":{"line":784,"column":5}},"line":778}},"branchMap":{"0":{"loc":{"start":{"line":25,"column":4},"end":{"line":34,"column":5}},"type":"if","locations":[{"start":{"line":25,"column":4},"end":{"line":34,"column":5}},{"start":{"line":27,"column":11},"end":{"line":34,"column":5}}],"line":25},"1":{"loc":{"start":{"line":29,"column":6},"end":{"line":33,"column":7}},"type":"if","locations":[{"start":{"line":29,"column":6},"end":{"line":33,"column":7}},{"start":{"line":31,"column":13},"end":{"line":33,"column":7}}],"line":29},"2":{"loc":{"start":{"line":73,"column":4},"end":{"line":88,"column":5}},"type":"if","locations":[{"start":{"line":73,"column":4},"end":{"line":88,"column":5}},{"start":{},"end":{}}],"line":73},"3":{"loc":{"start":{"line":74,"column":6},"end":{"line":87,"column":7}},"type":"if","locations":[{"start":{"line":74,"column":6},"end":{"line":87,"column":7}},{"start":{"line":81,"column":13},"end":{"line":87,"column":7}}],"line":74},"4":{"loc":{"start":{"line":75,"column":8},"end":{"line":77,"column":9}},"type":"if","locations":[{"start":{"line":75,"column":8},"end":{"line":77,"column":9}},{"start":{},"end":{}}],"line":75},"5":{"loc":{"start":{"line":82,"column":8},"end":{"line":86,"column":9}},"type":"if","locations":[{"start":{"line":82,"column":8},"end":{"line":86,"column":9}},{"start":{"line":84,"column":15},"end":{"line":86,"column":9}}],"line":82},"6":{"loc":{"start":{"line":116,"column":6},"end":{"line":120,"column":7}},"type":"if","locations":[{"start":{"line":116,"column":6},"end":{"line":120,"column":7}},{"start":{"line":118,"column":13},"end":{"line":120,"column":7}}],"line":116},"7":{"loc":{"start":{"line":118,"column":13},"end":{"line":120,"column":7}},"type":"if","locations":[{"start":{"line":118,"column":13},"end":{"line":120,"column":7}},{"start":{},"end":{}}],"line":118},"8":{"loc":{"start":{"line":140,"column":6},"end":{"line":144,"column":7}},"type":"if","locations":[{"start":{"line":140,"column":6},"end":{"line":144,"column":7}},{"start":{"line":142,"column":13},"end":{"line":144,"column":7}}],"line":140},"9":{"loc":{"start":{"line":142,"column":13},"end":{"line":144,"column":7}},"type":"if","locations":[{"start":{"line":142,"column":13},"end":{"line":144,"column":7}},{"start":{},"end":{}}],"line":142},"10":{"loc":{"start":{"line":155,"column":2},"end":{"line":157,"column":3}},"type":"if","locations":[{"start":{"line":155,"column":2},"end":{"line":157,"column":3}},{"start":{},"end":{}}],"line":155},"11":{"loc":{"start":{"line":158,"column":2},"end":{"line":160,"column":3}},"type":"if","locations":[{"start":{"line":158,"column":2},"end":{"line":160,"column":3}},{"start":{},"end":{}}],"line":158},"12":{"loc":{"start":{"line":161,"column":2},"end":{"line":163,"column":3}},"type":"if","locations":[{"start":{"line":161,"column":2},"end":{"line":163,"column":3}},{"start":{},"end":{}}],"line":161},"13":{"loc":{"start":{"line":213,"column":6},"end":{"line":217,"column":7}},"type":"if","locations":[{"start":{"line":213,"column":6},"end":{"line":217,"column":7}},{"start":{"line":215,"column":13},"end":{"line":217,"column":7}}],"line":213},"14":{"loc":{"start":{"line":215,"column":13},"end":{"line":217,"column":7}},"type":"if","locations":[{"start":{"line":215,"column":13},"end":{"line":217,"column":7}},{"start":{},"end":{}}],"line":215},"15":{"loc":{"start":{"line":226,"column":2},"end":{"line":228,"column":3}},"type":"if","locations":[{"start":{"line":226,"column":2},"end":{"line":228,"column":3}},{"start":{},"end":{}}],"line":226},"16":{"loc":{"start":{"line":237,"column":2},"end":{"line":239,"column":3}},"type":"if","locations":[{"start":{"line":237,"column":2},"end":{"line":239,"column":3}},{"start":{},"end":{}}],"line":237},"17":{"loc":{"start":{"line":247,"column":6},"end":{"line":251,"column":7}},"type":"if","locations":[{"start":{"line":247,"column":6},"end":{"line":251,"column":7}},{"start":{"line":249,"column":13},"end":{"line":251,"column":7}}],"line":247},"18":{"loc":{"start":{"line":249,"column":13},"end":{"line":251,"column":7}},"type":"if","locations":[{"start":{"line":249,"column":13},"end":{"line":251,"column":7}},{"start":{},"end":{}}],"line":249},"19":{"loc":{"start":{"line":265,"column":2},"end":{"line":267,"column":3}},"type":"if","locations":[{"start":{"line":265,"column":2},"end":{"line":267,"column":3}},{"start":{},"end":{}}],"line":265},"20":{"loc":{"start":{"line":275,"column":6},"end":{"line":279,"column":7}},"type":"if","locations":[{"start":{"line":275,"column":6},"end":{"line":279,"column":7}},{"start":{"line":277,"column":13},"end":{"line":279,"column":7}}],"line":275},"21":{"loc":{"start":{"line":277,"column":13},"end":{"line":279,"column":7}},"type":"if","locations":[{"start":{"line":277,"column":13},"end":{"line":279,"column":7}},{"start":{},"end":{}}],"line":277},"22":{"loc":{"start":{"line":292,"column":2},"end":{"line":305,"column":3}},"type":"if","locations":[{"start":{"line":292,"column":2},"end":{"line":305,"column":3}},{"start":{"line":294,"column":9},"end":{"line":305,"column":3}}],"line":292},"23":{"loc":{"start":{"line":292,"column":6},"end":{"line":292,"column":46}},"type":"binary-expr","locations":[{"start":{"line":292,"column":6},"end":{"line":292,"column":20}},{"start":{"line":292,"column":24},"end":{"line":292,"column":46}}],"line":292},"24":{"loc":{"start":{"line":298,"column":8},"end":{"line":302,"column":9}},"type":"if","locations":[{"start":{"line":298,"column":8},"end":{"line":302,"column":9}},{"start":{"line":300,"column":15},"end":{"line":302,"column":9}}],"line":298},"25":{"loc":{"start":{"line":300,"column":15},"end":{"line":302,"column":9}},"type":"if","locations":[{"start":{"line":300,"column":15},"end":{"line":302,"column":9}},{"start":{},"end":{}}],"line":300},"26":{"loc":{"start":{"line":328,"column":2},"end":{"line":332,"column":3}},"type":"if","locations":[{"start":{"line":328,"column":2},"end":{"line":332,"column":3}},{"start":{},"end":{}}],"line":328},"27":{"loc":{"start":{"line":334,"column":2},"end":{"line":338,"column":3}},"type":"if","locations":[{"start":{"line":334,"column":2},"end":{"line":338,"column":3}},{"start":{},"end":{}}],"line":334},"28":{"loc":{"start":{"line":340,"column":2},"end":{"line":344,"column":3}},"type":"if","locations":[{"start":{"line":340,"column":2},"end":{"line":344,"column":3}},{"start":{},"end":{}}],"line":340},"29":{"loc":{"start":{"line":351,"column":2},"end":{"line":357,"column":3}},"type":"if","locations":[{"start":{"line":351,"column":2},"end":{"line":357,"column":3}},{"start":{"line":354,"column":9},"end":{"line":357,"column":3}}],"line":351},"30":{"loc":{"start":{"line":358,"column":2},"end":{"line":364,"column":3}},"type":"if","locations":[{"start":{"line":358,"column":2},"end":{"line":364,"column":3}},{"start":{"line":361,"column":9},"end":{"line":364,"column":3}}],"line":358},"31":{"loc":{"start":{"line":365,"column":2},"end":{"line":371,"column":3}},"type":"if","locations":[{"start":{"line":365,"column":2},"end":{"line":371,"column":3}},{"start":{"line":368,"column":9},"end":{"line":371,"column":3}}],"line":365},"32":{"loc":{"start":{"line":378,"column":6},"end":{"line":382,"column":7}},"type":"if","locations":[{"start":{"line":378,"column":6},"end":{"line":382,"column":7}},{"start":{"line":380,"column":13},"end":{"line":382,"column":7}}],"line":378},"33":{"loc":{"start":{"line":380,"column":13},"end":{"line":382,"column":7}},"type":"if","locations":[{"start":{"line":380,"column":13},"end":{"line":382,"column":7}},{"start":{},"end":{}}],"line":380},"34":{"loc":{"start":{"line":391,"column":2},"end":{"line":396,"column":3}},"type":"if","locations":[{"start":{"line":391,"column":2},"end":{"line":396,"column":3}},{"start":{"line":393,"column":9},"end":{"line":396,"column":3}}],"line":391},"35":{"loc":{"start":{"line":410,"column":2},"end":{"line":423,"column":3}},"type":"if","locations":[{"start":{"line":410,"column":2},"end":{"line":423,"column":3}},{"start":{"line":412,"column":9},"end":{"line":423,"column":3}}],"line":410},"36":{"loc":{"start":{"line":410,"column":6},"end":{"line":410,"column":46}},"type":"binary-expr","locations":[{"start":{"line":410,"column":6},"end":{"line":410,"column":20}},{"start":{"line":410,"column":24},"end":{"line":410,"column":46}}],"line":410},"37":{"loc":{"start":{"line":416,"column":8},"end":{"line":420,"column":9}},"type":"if","locations":[{"start":{"line":416,"column":8},"end":{"line":420,"column":9}},{"start":{"line":418,"column":15},"end":{"line":420,"column":9}}],"line":416},"38":{"loc":{"start":{"line":418,"column":15},"end":{"line":420,"column":9}},"type":"if","locations":[{"start":{"line":418,"column":15},"end":{"line":420,"column":9}},{"start":{},"end":{}}],"line":418},"39":{"loc":{"start":{"line":445,"column":2},"end":{"line":458,"column":3}},"type":"if","locations":[{"start":{"line":445,"column":2},"end":{"line":458,"column":3}},{"start":{"line":447,"column":9},"end":{"line":458,"column":3}}],"line":445},"40":{"loc":{"start":{"line":445,"column":6},"end":{"line":445,"column":46}},"type":"binary-expr","locations":[{"start":{"line":445,"column":6},"end":{"line":445,"column":20}},{"start":{"line":445,"column":24},"end":{"line":445,"column":46}}],"line":445},"41":{"loc":{"start":{"line":451,"column":8},"end":{"line":455,"column":9}},"type":"if","locations":[{"start":{"line":451,"column":8},"end":{"line":455,"column":9}},{"start":{"line":453,"column":15},"end":{"line":455,"column":9}}],"line":451},"42":{"loc":{"start":{"line":453,"column":15},"end":{"line":455,"column":9}},"type":"if","locations":[{"start":{"line":453,"column":15},"end":{"line":455,"column":9}},{"start":{},"end":{}}],"line":453},"43":{"loc":{"start":{"line":467,"column":2},"end":{"line":470,"column":3}},"type":"if","locations":[{"start":{"line":467,"column":2},"end":{"line":470,"column":3}},{"start":{},"end":{}}],"line":467},"44":{"loc":{"start":{"line":486,"column":8},"end":{"line":490,"column":9}},"type":"if","locations":[{"start":{"line":486,"column":8},"end":{"line":490,"column":9}},{"start":{"line":488,"column":15},"end":{"line":490,"column":9}}],"line":486},"45":{"loc":{"start":{"line":488,"column":15},"end":{"line":490,"column":9}},"type":"if","locations":[{"start":{"line":488,"column":15},"end":{"line":490,"column":9}},{"start":{},"end":{}}],"line":488},"46":{"loc":{"start":{"line":505,"column":2},"end":{"line":518,"column":3}},"type":"if","locations":[{"start":{"line":505,"column":2},"end":{"line":518,"column":3}},{"start":{"line":507,"column":9},"end":{"line":518,"column":3}}],"line":505},"47":{"loc":{"start":{"line":505,"column":6},"end":{"line":505,"column":46}},"type":"binary-expr","locations":[{"start":{"line":505,"column":6},"end":{"line":505,"column":20}},{"start":{"line":505,"column":24},"end":{"line":505,"column":46}}],"line":505},"48":{"loc":{"start":{"line":511,"column":8},"end":{"line":515,"column":9}},"type":"if","locations":[{"start":{"line":511,"column":8},"end":{"line":515,"column":9}},{"start":{"line":513,"column":15},"end":{"line":515,"column":9}}],"line":511},"49":{"loc":{"start":{"line":513,"column":15},"end":{"line":515,"column":9}},"type":"if","locations":[{"start":{"line":513,"column":15},"end":{"line":515,"column":9}},{"start":{},"end":{}}],"line":513},"50":{"loc":{"start":{"line":525,"column":2},"end":{"line":538,"column":3}},"type":"if","locations":[{"start":{"line":525,"column":2},"end":{"line":538,"column":3}},{"start":{"line":527,"column":9},"end":{"line":538,"column":3}}],"line":525},"51":{"loc":{"start":{"line":525,"column":6},"end":{"line":525,"column":46}},"type":"binary-expr","locations":[{"start":{"line":525,"column":6},"end":{"line":525,"column":20}},{"start":{"line":525,"column":24},"end":{"line":525,"column":46}}],"line":525},"52":{"loc":{"start":{"line":531,"column":8},"end":{"line":535,"column":9}},"type":"if","locations":[{"start":{"line":531,"column":8},"end":{"line":535,"column":9}},{"start":{"line":533,"column":15},"end":{"line":535,"column":9}}],"line":531},"53":{"loc":{"start":{"line":533,"column":15},"end":{"line":535,"column":9}},"type":"if","locations":[{"start":{"line":533,"column":15},"end":{"line":535,"column":9}},{"start":{},"end":{}}],"line":533},"54":{"loc":{"start":{"line":565,"column":2},"end":{"line":578,"column":3}},"type":"if","locations":[{"start":{"line":565,"column":2},"end":{"line":578,"column":3}},{"start":{"line":567,"column":9},"end":{"line":578,"column":3}}],"line":565},"55":{"loc":{"start":{"line":565,"column":6},"end":{"line":565,"column":46}},"type":"binary-expr","locations":[{"start":{"line":565,"column":6},"end":{"line":565,"column":20}},{"start":{"line":565,"column":24},"end":{"line":565,"column":46}}],"line":565},"56":{"loc":{"start":{"line":571,"column":8},"end":{"line":575,"column":9}},"type":"if","locations":[{"start":{"line":571,"column":8},"end":{"line":575,"column":9}},{"start":{"line":573,"column":15},"end":{"line":575,"column":9}}],"line":571},"57":{"loc":{"start":{"line":573,"column":15},"end":{"line":575,"column":9}},"type":"if","locations":[{"start":{"line":573,"column":15},"end":{"line":575,"column":9}},{"start":{},"end":{}}],"line":573},"58":{"loc":{"start":{"line":586,"column":2},"end":{"line":599,"column":3}},"type":"if","locations":[{"start":{"line":586,"column":2},"end":{"line":599,"column":3}},{"start":{"line":588,"column":9},"end":{"line":599,"column":3}}],"line":586},"59":{"loc":{"start":{"line":586,"column":6},"end":{"line":586,"column":46}},"type":"binary-expr","locations":[{"start":{"line":586,"column":6},"end":{"line":586,"column":20}},{"start":{"line":586,"column":24},"end":{"line":586,"column":46}}],"line":586},"60":{"loc":{"start":{"line":592,"column":8},"end":{"line":596,"column":9}},"type":"if","locations":[{"start":{"line":592,"column":8},"end":{"line":596,"column":9}},{"start":{"line":594,"column":15},"end":{"line":596,"column":9}}],"line":592},"61":{"loc":{"start":{"line":594,"column":15},"end":{"line":596,"column":9}},"type":"if","locations":[{"start":{"line":594,"column":15},"end":{"line":596,"column":9}},{"start":{},"end":{}}],"line":594},"62":{"loc":{"start":{"line":618,"column":6},"end":{"line":622,"column":7}},"type":"if","locations":[{"start":{"line":618,"column":6},"end":{"line":622,"column":7}},{"start":{"line":620,"column":13},"end":{"line":622,"column":7}}],"line":618},"63":{"loc":{"start":{"line":620,"column":13},"end":{"line":622,"column":7}},"type":"if","locations":[{"start":{"line":620,"column":13},"end":{"line":622,"column":7}},{"start":{},"end":{}}],"line":620},"64":{"loc":{"start":{"line":655,"column":6},"end":{"line":659,"column":7}},"type":"if","locations":[{"start":{"line":655,"column":6},"end":{"line":659,"column":7}},{"start":{"line":657,"column":13},"end":{"line":659,"column":7}}],"line":655},"65":{"loc":{"start":{"line":657,"column":13},"end":{"line":659,"column":7}},"type":"if","locations":[{"start":{"line":657,"column":13},"end":{"line":659,"column":7}},{"start":{},"end":{}}],"line":657},"66":{"loc":{"start":{"line":685,"column":6},"end":{"line":689,"column":7}},"type":"if","locations":[{"start":{"line":685,"column":6},"end":{"line":689,"column":7}},{"start":{"line":687,"column":13},"end":{"line":689,"column":7}}],"line":685},"67":{"loc":{"start":{"line":687,"column":13},"end":{"line":689,"column":7}},"type":"if","locations":[{"start":{"line":687,"column":13},"end":{"line":689,"column":7}},{"start":{},"end":{}}],"line":687},"68":{"loc":{"start":{"line":725,"column":6},"end":{"line":729,"column":7}},"type":"if","locations":[{"start":{"line":725,"column":6},"end":{"line":729,"column":7}},{"start":{"line":727,"column":13},"end":{"line":729,"column":7}}],"line":725},"69":{"loc":{"start":{"line":727,"column":13},"end":{"line":729,"column":7}},"type":"if","locations":[{"start":{"line":727,"column":13},"end":{"line":729,"column":7}},{"start":{},"end":{}}],"line":727},"70":{"loc":{"start":{"line":779,"column":6},"end":{"line":783,"column":7}},"type":"if","locations":[{"start":{"line":779,"column":6},"end":{"line":783,"column":7}},{"start":{"line":781,"column":13},"end":{"line":783,"column":7}}],"line":779},"71":{"loc":{"start":{"line":781,"column":13},"end":{"line":783,"column":7}},"type":"if","locations":[{"start":{"line":781,"column":13},"end":{"line":783,"column":7}},{"start":{},"end":{}}],"line":781}},"s":{"0":1,"1":1,"2":1,"3":1,"4":1,"5":1,"6":0,"7":0,"8":0,"9":0,"10":0,"11":0,"12":0,"13":0,"14":0,"15":0,"16":0,"17":0,"18":0,"19":0,"20":0,"21":0,"22":0,"23":1,"24":1,"25":2,"26":1,"27":3,"28":3,"29":5,"30":5,"31":2,"32":2,"33":2,"34":3,"35":3,"36":0,"37":3,"38":1,"39":1,"40":1,"41":0,"42":1,"43":1,"44":1,"45":1,"46":1,"47":0,"48":1,"49":1,"50":1,"51":1,"52":1,"53":1,"54":0,"55":1,"56":1,"57":1,"58":1,"59":1,"60":1,"61":1,"62":0,"63":1,"64":1,"65":2,"66":2,"67":1,"68":2,"69":2,"70":1,"71":2,"72":2,"73":2,"74":0,"75":2,"76":2,"77":1,"78":1,"79":0,"80":1,"81":1,"82":1,"83":0,"84":1,"85":1,"86":2,"87":2,"88":2,"89":2,"90":2,"91":2,"92":2,"93":0,"94":2,"95":2,"96":1,"97":1,"98":1,"99":1,"100":0,"101":1,"102":0,"103":1,"104":1,"105":1,"106":0,"107":1,"108":0,"109":1,"110":1,"111":0,"112":1,"113":1,"114":1,"115":1,"116":0,"117":1,"118":1,"119":2,"120":2,"121":1,"122":1,"123":1,"124":1,"125":1,"126":1,"127":1,"128":0,"129":1,"130":1,"131":1,"132":1,"133":1,"134":1,"135":1,"136":1,"137":1,"138":0,"139":1,"140":1,"141":2,"142":1,"143":1,"144":1,"145":1,"146":1,"147":1,"148":0,"149":1,"150":1,"151":1,"152":1,"153":1,"154":1,"155":0,"156":1,"157":1,"158":1,"159":1,"160":1,"161":1,"162":0,"163":1,"164":1,"165":1,"166":1,"167":1,"168":1,"169":0,"170":1,"171":1,"172":1,"173":1,"174":1,"175":1,"176":0,"177":1,"178":1,"179":1,"180":1,"181":1,"182":0,"183":1,"184":1,"185":1,"186":1,"187":1,"188":0,"189":1,"190":1,"191":1,"192":1,"193":1,"194":0,"195":1,"196":1,"197":1,"198":1,"199":1,"200":0,"201":1,"202":1,"203":1,"204":1,"205":1,"206":0,"207":1,"208":1,"209":1},"f":{"0":0,"1":0,"2":1,"3":2,"4":3,"5":1,"6":1,"7":1,"8":1,"9":1,"10":1,"11":2,"12":2,"13":1,"14":1,"15":2,"16":2,"17":1,"18":1,"19":2,"20":1,"21":1,"22":1,"23":2,"24":1,"25":1,"26":1,"27":1,"28":1,"29":1,"30":1,"31":1,"32":1,"33":1,"34":1,"35":1,"36":1,"37":1,"38":1,"39":1,"40":1,"41":1,"42":1},"b":{"0":[0,0],"1":[0,0],"2":[5,0],"3":[2,3],"4":[2,0],"5":[3,0],"6":[0,1],"7":[1,0],"8":[0,1],"9":[1,0],"10":[0,1],"11":[1,0],"12":[1,0],"13":[0,1],"14":[1,0],"15":[1,1],"16":[1,1],"17":[0,2],"18":[2,0],"19":[0,1],"20":[0,1],"21":[1,0],"22":[0,2],"23":[2,0],"24":[0,2],"25":[2,0],"26":[1,0],"27":[0,1],"28":[0,1],"29":[1,0],"30":[0,1],"31":[0,1],"32":[0,1],"33":[1,0],"34":[1,1],"35":[0,1],"36":[1,0],"37":[0,1],"38":[1,0],"39":[0,1],"40":[1,0],"41":[0,1],"42":[1,0],"43":[1,1],"44":[0,1],"45":[1,0],"46":[0,1],"47":[1,0],"48":[0,1],"49":[1,0],"50":[0,1],"51":[1,0],"52":[0,1],"53":[1,0],"54":[0,1],"55":[1,0],"56":[0,1],"57":[1,0],"58":[0,1],"59":[1,0],"60":[0,1],"61":[1,0],"62":[0,1],"63":[1,0],"64":[0,1],"65":[1,0],"66":[0,1],"67":[1,0],"68":[0,1],"69":[1,0],"70":[0,1],"71":[1,0]},"_coverageSchema":"1a1c01bbd47fc00a2c39e90264f33305004495a9","hash":"30a3b2934e4680dc45704dbe8fe7e8e0f3c55f53"}
,"/home/kevinb/Desktop/UPenn/2022_fall/cis_550/CIS5500Project/backend/server.js": {"path":"/home/kevinb/Desktop/UPenn/2022_fall/cis_550/CIS5500Project/backend/server.js","statementMap":{"0":{"start":{"line":1,"column":16},"end":{"line":1,"column":34}},"1":{"start":{"line":2,"column":11},"end":{"line":2,"column":26}},"2":{"start":{"line":4,"column":15},"end":{"line":4,"column":34}},"3":{"start":{"line":5,"column":15},"end":{"line":5,"column":39}},"4":{"start":{"line":7,"column":12},"end":{"line":7,"column":21}},"5":{"start":{"line":10,"column":0},"end":{"line":14,"column":4}},"6":{"start":{"line":17,"column":0},"end":{"line":17,"column":24}},"7":{"start":{"line":20,"column":0},"end":{"line":20,"column":50}},"8":{"start":{"line":23,"column":0},"end":{"line":23,"column":42}},"9":{"start":{"line":26,"column":0},"end":{"line":26,"column":49}},"10":{"start":{"line":29,"column":0},"end":{"line":29,"column":57}},"11":{"start":{"line":32,"column":0},"end":{"line":32,"column":53}},"12":{"start":{"line":35,"column":0},"end":{"line":35,"column":55}},"13":{"start":{"line":38,"column":0},"end":{"line":38,"column":63}},"14":{"start":{"line":41,"column":0},"end":{"line":41,"column":43}},"15":{"start":{"line":44,"column":0},"end":{"line":44,"column":55}},"16":{"start":{"line":47,"column":0},"end":{"line":47,"column":48}},"17":{"start":{"line":50,"column":0},"end":{"line":50,"column":61}},"18":{"start":{"line":53,"column":0},"end":{"line":53,"column":49}},"19":{"start":{"line":56,"column":0},"end":{"line":56,"column":63}},"20":{"start":{"line":59,"column":0},"end":{"line":59,"column":58}},"21":{"start":{"line":62,"column":0},"end":{"line":62,"column":68}},"22":{"start":{"line":65,"column":0},"end":{"line":65,"column":52}},"23":{"start":{"line":68,"column":0},"end":{"line":68,"column":70}},"24":{"start":{"line":71,"column":0},"end":{"line":71,"column":56}},"25":{"start":{"line":74,"column":0},"end":{"line":74,"column":32}},"26":{"start":{"line":77,"column":0},"end":{"line":77,"column":34}},"27":{"start":{"line":79,"column":0},"end":{"line":79,"column":44}},"28":{"start":{"line":81,"column":0},"end":{"line":83,"column":3}},"29":{"start":{"line":82,"column":4},"end":{"line":82,"column":89}},"30":{"start":{"line":85,"column":0},"end":{"line":85,"column":21}}},"fnMap":{"0":{"name":"(anonymous_0)","decl":{"start":{"line":81,"column":31},"end":{"line":81,"column":32}},"loc":{"start":{"line":81,"column":37},"end":{"line":83,"column":1}},"line":81}},"branchMap":{},"s":{"0":1,"1":1,"2":1,"3":1,"4":1,"5":1,"6":1,"7":1,"8":1,"9":1,"10":1,"11":1,"12":1,"13":1,"14":1,"15":1,"16":1,"17":1,"18":1,"19":1,"20":1,"21":1,"22":1,"23":1,"24":1,"25":1,"26":1,"27":1,"28":1,"29":1,"30":1},"f":{"0":1},"b":{},"_coverageSchema":"1a1c01bbd47fc00a2c39e90264f33305004495a9","hash":"136941de788e2cc8c6b6d404f6f4ba76a003369c"}
}
