TN:
SF:routes.js
FN:19,login
FN:43,signup
FN:62,processSearchWords
FN:64,(anonymous_3)
FN:71,multipleWhere
FN:95,getBestAuthors
FN:119,(anonymous_6)
FN:132,mostEmployedCities
FN:147,(anonymous_8)
FN:159,mostBenefitedOrg
FN:221,(anonymous_10)
FN:233,topBioEdByCountry
FN:256,(anonymous_12)
FN:268,topInstituteByCountry
FN:289,(anonymous_14)
FN:301,getMigrations
FN:313,(anonymous_16)
FN:327,filterResearchers
FN:393,(anonymous_18)
FN:406,filterPaperWords
FN:432,(anonymous_20)
FN:445,filterPaperPublication
FN:468,(anonymous_22)
FN:485,topResearcher
FN:506,(anonymous_24)
FN:518,getTotalPaperByCountry
FN:527,(anonymous_26)
FN:540,getCountries
FN:548,(anonymous_28)
FN:560,getVisualData
FN:589,(anonymous_30)
FN:603,getOrganizations
FN:611,(anonymous_32)
FN:623,PapersMoved2C
FN:638,(anonymous_34)
FN:650,bioentitiesMoved2c
FN:676,(anonymous_36)
FN:688,movement2c
FN:707,(anonymous_38)
FN:719,sharedBioentities2c
FN:748,(anonymous_40)
FN:760,papersBoth2c
FN:801,(anonymous_42)
FNF:43
FNH:33
FNDA:0,login
FNDA:0,signup
FNDA:1,processSearchWords
FNDA:2,(anonymous_3)
FNDA:3,multipleWhere
FNDA:0,getBestAuthors
FNDA:0,(anonymous_6)
FNDA:0,mostEmployedCities
FNDA:0,(anonymous_8)
FNDA:1,mostBenefitedOrg
FNDA:1,(anonymous_10)
FNDA:1,topBioEdByCountry
FNDA:1,(anonymous_12)
FNDA:1,topInstituteByCountry
FNDA:1,(anonymous_14)
FNDA:2,getMigrations
FNDA:2,(anonymous_16)
FNDA:0,filterResearchers
FNDA:0,(anonymous_18)
FNDA:1,filterPaperWords
FNDA:1,(anonymous_20)
FNDA:1,filterPaperPublication
FNDA:1,(anonymous_22)
FNDA:2,topResearcher
FNDA:1,(anonymous_24)
FNDA:1,getTotalPaperByCountry
FNDA:1,(anonymous_26)
FNDA:1,getCountries
FNDA:1,(anonymous_28)
FNDA:1,getVisualData
FNDA:1,(anonymous_30)
FNDA:1,getOrganizations
FNDA:1,(anonymous_32)
FNDA:1,PapersMoved2C
FNDA:1,(anonymous_34)
FNDA:1,bioentitiesMoved2c
FNDA:1,(anonymous_36)
FNDA:1,movement2c
FNDA:1,(anonymous_38)
FNDA:1,sharedBioentities2c
FNDA:1,(anonymous_40)
FNDA:0,papersBoth2c
FNDA:0,(anonymous_42)
DA:1,1
DA:2,1
DA:3,1
DA:6,1
DA:14,1
DA:17,1
DA:20,0
DA:21,0
DA:23,0
DA:24,0
DA:25,0
DA:26,0
DA:27,0
DA:30,0
DA:31,0
DA:33,0
DA:37,0
DA:44,0
DA:45,0
DA:46,0
DA:47,0
DA:53,0
DA:55,0
DA:63,1
DA:64,1
DA:65,2
DA:67,1
DA:72,3
DA:73,3
DA:74,5
DA:75,5
DA:76,2
DA:77,2
DA:79,0
DA:81,2
DA:83,3
DA:84,3
DA:86,0
DA:91,3
DA:97,0
DA:98,0
DA:99,0
DA:102,0
DA:118,0
DA:120,0
DA:121,0
DA:122,0
DA:123,0
DA:124,0
DA:134,0
DA:135,0
DA:136,0
DA:139,0
DA:146,0
DA:148,0
DA:149,0
DA:150,0
DA:151,0
DA:152,0
DA:161,1
DA:162,1
DA:163,1
DA:164,1
DA:165,0
DA:167,1
DA:168,0
DA:170,1
DA:171,0
DA:174,1
DA:220,1
DA:222,1
DA:223,0
DA:224,0
DA:225,1
DA:226,1
DA:235,1
DA:236,1
DA:237,0
DA:240,1
DA:247,1
DA:248,1
DA:251,1
DA:255,1
DA:257,1
DA:258,0
DA:259,0
DA:260,1
DA:261,1
DA:270,1
DA:271,1
DA:272,0
DA:275,1
DA:280,1
DA:281,0
DA:284,1
DA:288,1
DA:290,1
DA:291,0
DA:292,0
DA:293,1
DA:294,1
DA:302,2
DA:303,2
DA:304,2
DA:306,2
DA:308,2
DA:312,2
DA:314,2
DA:315,0
DA:316,0
DA:317,2
DA:318,2
DA:328,0
DA:344,0
DA:345,0
DA:350,0
DA:351,0
DA:356,0
DA:357,0
DA:362,0
DA:367,0
DA:368,0
DA:371,0
DA:374,0
DA:375,0
DA:378,0
DA:381,0
DA:382,0
DA:385,0
DA:388,0
DA:392,0
DA:394,0
DA:395,0
DA:396,0
DA:397,0
DA:398,0
DA:407,1
DA:408,1
DA:409,1
DA:411,0
DA:412,0
DA:414,1
DA:415,1
DA:427,1
DA:431,1
DA:433,1
DA:434,0
DA:435,0
DA:436,1
DA:437,1
DA:446,1
DA:458,1
DA:459,1
DA:461,1
DA:463,1
DA:467,1
DA:469,1
DA:470,0
DA:471,0
DA:472,1
DA:473,1
DA:486,2
DA:487,1
DA:488,1
DA:490,1
DA:491,1
DA:492,1
DA:501,1
DA:505,1
DA:507,1
DA:508,0
DA:509,0
DA:510,1
DA:511,1
DA:519,1
DA:522,1
DA:526,1
DA:528,1
DA:529,0
DA:530,0
DA:531,1
DA:532,1
DA:541,1
DA:543,1
DA:547,1
DA:549,1
DA:550,0
DA:551,0
DA:552,1
DA:553,1
DA:561,1
DA:584,1
DA:588,1
DA:590,1
DA:591,0
DA:592,0
DA:593,1
DA:594,1
DA:604,1
DA:606,1
DA:610,1
DA:612,1
DA:613,0
DA:614,0
DA:615,1
DA:616,1
DA:624,1
DA:637,1
DA:639,1
DA:640,0
DA:641,0
DA:642,1
DA:643,1
DA:651,1
DA:675,1
DA:677,1
DA:678,0
DA:679,0
DA:680,1
DA:681,1
DA:689,1
DA:706,1
DA:708,1
DA:709,0
DA:710,0
DA:711,1
DA:712,1
DA:720,1
DA:747,1
DA:749,1
DA:750,0
DA:751,0
DA:752,1
DA:753,1
DA:761,0
DA:800,0
DA:802,0
DA:803,0
DA:804,0
DA:805,0
DA:806,0
DA:817,1
LF:242
LH:134
BRDA:26,0,0,0
BRDA:26,0,1,0
BRDA:30,1,0,0
BRDA:30,1,1,0
BRDA:74,2,0,5
BRDA:74,2,1,0
BRDA:75,3,0,2
BRDA:75,3,1,3
BRDA:76,4,0,2
BRDA:76,4,1,0
BRDA:83,5,0,3
BRDA:83,5,1,0
BRDA:98,6,0,0
BRDA:98,6,1,0
BRDA:120,7,0,0
BRDA:120,7,1,0
BRDA:123,8,0,0
BRDA:123,8,1,0
BRDA:135,9,0,0
BRDA:135,9,1,0
BRDA:148,10,0,0
BRDA:148,10,1,0
BRDA:151,11,0,0
BRDA:151,11,1,0
BRDA:164,12,0,0
BRDA:164,12,1,1
BRDA:167,13,0,0
BRDA:167,13,1,1
BRDA:170,14,0,0
BRDA:170,14,1,1
BRDA:222,15,0,0
BRDA:222,15,1,1
BRDA:225,16,0,1
BRDA:225,16,1,0
BRDA:236,17,0,0
BRDA:236,17,1,1
BRDA:247,18,0,1
BRDA:247,18,1,0
BRDA:257,19,0,0
BRDA:257,19,1,1
BRDA:260,20,0,1
BRDA:260,20,1,0
BRDA:271,21,0,0
BRDA:271,21,1,1
BRDA:280,22,0,0
BRDA:280,22,1,1
BRDA:290,23,0,0
BRDA:290,23,1,1
BRDA:293,24,0,1
BRDA:293,24,1,0
BRDA:308,25,0,0
BRDA:308,25,1,2
BRDA:308,26,0,2
BRDA:308,26,1,0
BRDA:314,27,0,0
BRDA:314,27,1,2
BRDA:317,28,0,2
BRDA:317,28,1,0
BRDA:344,29,0,0
BRDA:344,29,1,0
BRDA:350,30,0,0
BRDA:350,30,1,0
BRDA:356,31,0,0
BRDA:356,31,1,0
BRDA:367,32,0,0
BRDA:367,32,1,0
BRDA:374,33,0,0
BRDA:374,33,1,0
BRDA:381,34,0,0
BRDA:381,34,1,0
BRDA:394,35,0,0
BRDA:394,35,1,0
BRDA:397,36,0,0
BRDA:397,36,1,0
BRDA:408,37,0,1
BRDA:408,37,1,0
BRDA:427,38,0,0
BRDA:427,38,1,1
BRDA:427,39,0,1
BRDA:427,39,1,0
BRDA:433,40,0,0
BRDA:433,40,1,1
BRDA:436,41,0,1
BRDA:436,41,1,0
BRDA:463,42,0,0
BRDA:463,42,1,1
BRDA:463,43,0,1
BRDA:463,43,1,0
BRDA:469,44,0,0
BRDA:469,44,1,1
BRDA:472,45,0,1
BRDA:472,45,1,0
BRDA:486,46,0,1
BRDA:486,46,1,1
BRDA:490,47,0,0
BRDA:490,47,1,1
BRDA:501,48,0,0
BRDA:501,48,1,1
BRDA:501,49,0,1
BRDA:501,49,1,0
BRDA:507,50,0,0
BRDA:507,50,1,1
BRDA:510,51,0,1
BRDA:510,51,1,0
BRDA:522,52,0,0
BRDA:522,52,1,1
BRDA:522,53,0,1
BRDA:522,53,1,0
BRDA:528,54,0,0
BRDA:528,54,1,1
BRDA:531,55,0,1
BRDA:531,55,1,0
BRDA:543,56,0,0
BRDA:543,56,1,1
BRDA:543,57,0,1
BRDA:543,57,1,0
BRDA:549,58,0,0
BRDA:549,58,1,1
BRDA:552,59,0,1
BRDA:552,59,1,0
BRDA:584,60,0,0
BRDA:584,60,1,1
BRDA:584,61,0,1
BRDA:584,61,1,0
BRDA:590,62,0,0
BRDA:590,62,1,1
BRDA:593,63,0,1
BRDA:593,63,1,0
BRDA:606,64,0,0
BRDA:606,64,1,1
BRDA:606,65,0,1
BRDA:606,65,1,0
BRDA:612,66,0,0
BRDA:612,66,1,1
BRDA:615,67,0,1
BRDA:615,67,1,0
BRDA:639,68,0,0
BRDA:639,68,1,1
BRDA:642,69,0,1
BRDA:642,69,1,0
BRDA:677,70,0,0
BRDA:677,70,1,1
BRDA:680,71,0,1
BRDA:680,71,1,0
BRDA:708,72,0,0
BRDA:708,72,1,1
BRDA:711,73,0,1
BRDA:711,73,1,0
BRDA:749,74,0,0
BRDA:749,74,1,1
BRDA:752,75,0,1
BRDA:752,75,1,0
BRDA:802,76,0,0
BRDA:802,76,1,0
BRDA:805,77,0,0
BRDA:805,77,1,0
BRF:156
BRH:62
end_of_record
TN:
SF:server.js
FN:81,(anonymous_0)
FNF:1
FNH:1
FNDA:1,(anonymous_0)
DA:1,1
DA:2,1
DA:4,1
DA:5,1
DA:7,1
DA:10,1
DA:17,1
DA:20,1
DA:23,1
DA:26,1
DA:29,1
DA:32,1
DA:35,1
DA:38,1
DA:41,1
DA:44,1
DA:47,1
DA:50,1
DA:53,1
DA:56,1
DA:59,1
DA:62,1
DA:65,1
DA:68,1
DA:71,1
DA:74,1
DA:77,1
DA:79,1
DA:81,1
DA:82,1
DA:85,1
LF:31
LH:31
BRF:0
BRH:0
end_of_record
