TN:
SF:routes.js
FN:19,login
FN:43,signup
FN:62,processSearchWords
FN:64,(anonymous_3)
FN:71,multipleWhere
FN:95,createTempTable
FN:130,(anonymous_6)
FN:142,getBestAuthors
FN:166,(anonymous_8)
FN:179,mostEmployedCities
FN:194,(anonymous_10)
FN:206,mostBenefitedOrg
FN:268,(anonymous_12)
FN:280,topBioEdByCountry
FN:303,(anonymous_14)
FN:315,topInstituteByCountry
FN:336,(anonymous_16)
FN:348,getMigrations
FN:360,(anonymous_18)
FN:374,filterResearchers
FN:405,(anonymous_20)
FN:418,filterPaperWords
FN:444,(anonymous_22)
FN:457,filterPaperPublication
FN:480,(anonymous_24)
FN:495,topResearcher
FN:516,(anonymous_26)
FN:528,getTotalPaperByCountry
FN:537,(anonymous_28)
FN:550,getCountries
FN:558,(anonymous_30)
FNF:31
FNH:3
FNDA:0,login
FNDA:0,signup
FNDA:0,processSearchWords
FNDA:0,(anonymous_3)
FNDA:1,multipleWhere
FNDA:1,createTempTable
FNDA:0,(anonymous_6)
FNDA:0,getBestAuthors
FNDA:0,(anonymous_8)
FNDA:0,mostEmployedCities
FNDA:0,(anonymous_10)
FNDA:0,mostBenefitedOrg
FNDA:0,(anonymous_12)
FNDA:0,topBioEdByCountry
FNDA:0,(anonymous_14)
FNDA:0,topInstituteByCountry
FNDA:0,(anonymous_16)
FNDA:1,getMigrations
FNDA:0,(anonymous_18)
FNDA:0,filterResearchers
FNDA:0,(anonymous_20)
FNDA:0,filterPaperWords
FNDA:0,(anonymous_22)
FNDA:0,filterPaperPublication
FNDA:0,(anonymous_24)
FNDA:0,topResearcher
FNDA:0,(anonymous_26)
FNDA:0,getTotalPaperByCountry
FNDA:0,(anonymous_28)
FNDA:0,getCountries
FNDA:0,(anonymous_30)
DA:1,1
DA:2,1
DA:3,1
DA:6,1
DA:14,1
DA:17,1
DA:20,0
DA:21,0
DA:23,0
DA:24,0
DA:25,0
DA:26,0
DA:27,0
DA:30,0
DA:31,0
DA:33,0
DA:37,0
DA:44,0
DA:45,0
DA:46,0
DA:47,0
DA:53,0
DA:55,0
DA:63,0
DA:64,0
DA:65,0
DA:67,0
DA:72,1
DA:73,1
DA:74,0
DA:75,0
DA:76,0
DA:77,0
DA:79,0
DA:81,0
DA:83,0
DA:84,0
DA:86,0
DA:91,1
DA:96,1
DA:129,1
DA:131,0
DA:132,0
DA:133,0
DA:134,0
DA:139,1
DA:144,0
DA:145,0
DA:146,0
DA:149,0
DA:165,0
DA:167,0
DA:168,0
DA:169,0
DA:170,0
DA:171,0
DA:181,0
DA:182,0
DA:183,0
DA:186,0
DA:193,0
DA:195,0
DA:196,0
DA:197,0
DA:198,0
DA:199,0
DA:208,0
DA:209,0
DA:210,0
DA:211,0
DA:212,0
DA:214,0
DA:215,0
DA:217,0
DA:218,0
DA:221,0
DA:267,0
DA:269,0
DA:270,0
DA:271,0
DA:272,0
DA:273,0
DA:282,0
DA:283,0
DA:284,0
DA:287,0
DA:294,0
DA:295,0
DA:298,0
DA:302,0
DA:304,0
DA:305,0
DA:306,0
DA:307,0
DA:308,0
DA:317,0
DA:318,0
DA:319,0
DA:322,0
DA:327,0
DA:328,0
DA:331,0
DA:335,0
DA:337,0
DA:338,0
DA:339,0
DA:340,0
DA:341,0
DA:349,1
DA:350,1
DA:351,1
DA:353,1
DA:355,1
DA:359,1
DA:361,0
DA:362,0
DA:363,0
DA:364,0
DA:365,0
DA:375,0
DA:376,0
DA:377,0
DA:378,0
DA:379,0
DA:380,0
DA:381,0
DA:382,0
DA:383,0
DA:385,0
DA:386,0
DA:388,0
DA:390,0
DA:392,0
DA:395,0
DA:396,0
DA:398,0
DA:400,0
DA:404,0
DA:406,0
DA:407,0
DA:408,0
DA:409,0
DA:410,0
DA:419,0
DA:420,0
DA:421,0
DA:423,0
DA:424,0
DA:426,0
DA:427,0
DA:439,0
DA:443,0
DA:445,0
DA:446,0
DA:447,0
DA:448,0
DA:449,0
DA:458,0
DA:470,0
DA:471,0
DA:473,0
DA:475,0
DA:479,0
DA:481,0
DA:482,0
DA:483,0
DA:484,0
DA:485,0
DA:496,0
DA:497,0
DA:498,0
DA:500,0
DA:501,0
DA:502,0
DA:511,0
DA:515,0
DA:517,0
DA:518,0
DA:519,0
DA:520,0
DA:521,0
DA:529,0
DA:532,0
DA:536,0
DA:538,0
DA:539,0
DA:540,0
DA:541,0
DA:542,0
DA:551,0
DA:553,0
DA:557,0
DA:559,0
DA:560,0
DA:561,0
DA:562,0
DA:563,0
DA:571,1
LF:198
LH:19
BRDA:26,0,0,0
BRDA:26,0,1,0
BRDA:30,1,0,0
BRDA:30,1,1,0
BRDA:74,2,0,0
BRDA:74,2,1,0
BRDA:75,3,0,0
BRDA:75,3,1,0
BRDA:76,4,0,0
BRDA:76,4,1,0
BRDA:83,5,0,0
BRDA:83,5,1,0
BRDA:131,6,0,0
BRDA:131,6,1,0
BRDA:133,7,0,0
BRDA:133,7,1,0
BRDA:145,8,0,0
BRDA:145,8,1,0
BRDA:167,9,0,0
BRDA:167,9,1,0
BRDA:170,10,0,0
BRDA:170,10,1,0
BRDA:182,11,0,0
BRDA:182,11,1,0
BRDA:195,12,0,0
BRDA:195,12,1,0
BRDA:198,13,0,0
BRDA:198,13,1,0
BRDA:211,14,0,0
BRDA:211,14,1,0
BRDA:214,15,0,0
BRDA:214,15,1,0
BRDA:217,16,0,0
BRDA:217,16,1,0
BRDA:269,17,0,0
BRDA:269,17,1,0
BRDA:272,18,0,0
BRDA:272,18,1,0
BRDA:283,19,0,0
BRDA:283,19,1,0
BRDA:294,20,0,0
BRDA:294,20,1,0
BRDA:304,21,0,0
BRDA:304,21,1,0
BRDA:307,22,0,0
BRDA:307,22,1,0
BRDA:318,23,0,0
BRDA:318,23,1,0
BRDA:327,24,0,0
BRDA:327,24,1,0
BRDA:337,25,0,0
BRDA:337,25,1,0
BRDA:340,26,0,0
BRDA:340,26,1,0
BRDA:355,27,0,0
BRDA:355,27,1,1
BRDA:355,28,0,1
BRDA:355,28,1,0
BRDA:361,29,0,0
BRDA:361,29,1,0
BRDA:364,30,0,0
BRDA:364,30,1,0
BRDA:380,31,0,0
BRDA:380,31,1,0
BRDA:382,32,0,0
BRDA:382,32,1,0
BRDA:385,33,0,0
BRDA:385,33,1,0
BRDA:395,34,0,0
BRDA:395,34,1,0
BRDA:400,35,0,0
BRDA:400,35,1,0
BRDA:400,36,0,0
BRDA:400,36,1,0
BRDA:406,37,0,0
BRDA:406,37,1,0
BRDA:409,38,0,0
BRDA:409,38,1,0
BRDA:420,39,0,0
BRDA:420,39,1,0
BRDA:439,40,0,0
BRDA:439,40,1,0
BRDA:439,41,0,0
BRDA:439,41,1,0
BRDA:445,42,0,0
BRDA:445,42,1,0
BRDA:448,43,0,0
BRDA:448,43,1,0
BRDA:475,44,0,0
BRDA:475,44,1,0
BRDA:475,45,0,0
BRDA:475,45,1,0
BRDA:481,46,0,0
BRDA:481,46,1,0
BRDA:484,47,0,0
BRDA:484,47,1,0
BRDA:496,48,0,0
BRDA:496,48,1,0
BRDA:500,49,0,0
BRDA:500,49,1,0
BRDA:511,50,0,0
BRDA:511,50,1,0
BRDA:511,51,0,0
BRDA:511,51,1,0
BRDA:517,52,0,0
BRDA:517,52,1,0
BRDA:520,53,0,0
BRDA:520,53,1,0
BRDA:532,54,0,0
BRDA:532,54,1,0
BRDA:532,55,0,0
BRDA:532,55,1,0
BRDA:538,56,0,0
BRDA:538,56,1,0
BRDA:541,57,0,0
BRDA:541,57,1,0
BRDA:553,58,0,0
BRDA:553,58,1,0
BRDA:553,59,0,0
BRDA:553,59,1,0
BRDA:559,60,0,0
BRDA:559,60,1,0
BRDA:562,61,0,0
BRDA:562,61,1,0
BRF:124
BRH:2
end_of_record
TN:
SF:server.js
FN:61,(anonymous_0)
FNF:1
FNH:1
FNDA:1,(anonymous_0)
DA:1,1
DA:2,1
DA:4,1
DA:5,1
DA:7,1
DA:10,1
DA:17,1
DA:20,1
DA:23,1
DA:26,1
DA:29,1
DA:32,1
DA:35,1
DA:38,1
DA:41,1
DA:44,1
DA:47,1
DA:50,1
DA:53,1
DA:56,1
DA:59,1
DA:61,1
DA:62,1
DA:65,1
LF:24
LH:24
BRF:0
BRH:0
end_of_record
